<?xml version="1.0" encoding="UTF-8" ?>
<testsuite errors="1" failures="0" hostname="DESKTOP-8H97JNO" name="HibernateDAOs.TestDAOAirline" skipped="0" tests="1" time="0.0" timestamp="2016-12-02T10:00:53">
  <properties>
[...]
</properties>
  <error message="HibernateDAOs.TestDAOAirline" type="java.lang.ClassNotFoundException">java.lang.ClassNotFoundException: HibernateDAOs.TestDAOAirline
	at java.net.URLClassLoader.findClass(Unknown Source)
	at java.lang.ClassLoader.loadClass(Unknown Source)
	at sun.misc.Launcher$AppClassLoader.loadClass(Unknown Source)
	at java.lang.ClassLoader.loadClass(Unknown Source)
	at java.lang.Class.forName0(Native Method)
	at java.lang.Class.forName(Unknown Source)
</error>
  <system-out><![CDATA[]]></system-out>
  <system-err><![CDATA[]]></system-err>
</testsuite>
