<?xml version="1.0" encoding="UTF-8" ?>
<testsuite errors="13" failures="6" hostname="DESKTOP-8H97JNO" name="switTest.JUnitSwitTest" skipped="0" tests="37" time="17.985" timestamp="2017-01-17T10:54:18">
  <properties>
[...]
</properties>
  <testcase classname="airlineManager.TestAirlineInformationActionController" name="testIfTheFunctionExecuteCorrectInaCorrectWayRedirectingThePage" time="2.744">
    <error type="java.lang.NullPointerException">java.lang.NullPointerException
	at java.util.Base64$Encoder.encode(Unknown Source)
	at actions.airlineManager.AirlineInformationAction.loadPhotoFromDatabase(AirlineInformationAction.java:87)
	at actions.airlineManager.AirlineInformationAction.execute(AirlineInformationAction.java:63)
	at airlineManager.TestAirlineInformationActionController.testIfTheFunctionExecuteCorrectInaCorrectWayRedirectingThePage(TestAirlineInformationActionController.java:53)
</error>
  </testcase>
  <testcase classname="airlineManager.TestAirlineInformationDeleteAction" name="testIfTheFunctionExecuteCorrectInaCorrectWayRedirectingThePage" time="1.494">
    <error type="java.lang.NullPointerException">java.lang.NullPointerException
	at actions.airlineManager.AirlineInformationDeleteAction.execute(AirlineInformationDeleteAction.java:39)
	at airlineManager.TestAirlineInformationDeleteAction.testIfTheFunctionExecuteCorrectInaCorrectWayRedirectingThePage(TestAirlineInformationDeleteAction.java:75)
</error>
  </testcase>
  <testcase classname="airlineManager.TestAirlineInformationEditAction" name="checkIfTheFunctionExecuteAndSubfunctionsAreOk" time="0.419">
    <error type="java.lang.NullPointerException">java.lang.NullPointerException
	at actions.airlineManager.AirlineInformationEditAction.fillAtributes(AirlineInformationEditAction.java:48)
	at actions.airlineManager.AirlineInformationEditAction.execute(AirlineInformationEditAction.java:40)
	at airlineManager.TestAirlineInformationEditAction.checkIfTheFunctionExecuteAndSubfunctionsAreOk(TestAirlineInformationEditAction.java:47)
</error>
  </testcase>
  <testcase classname="airlineManager.TestAirlineInformationEditSaveAction" name="checkIfTheRedirectionOfThePageAndTheCreationOfTheAirplane" time="0.421">
    <error type="java.lang.NullPointerException">java.lang.NullPointerException
	at actions.airlineManager.AirlineInformationEditSaveAction.execute(AirlineInformationEditSaveAction.java:43)
	at airlineManager.TestAirlineInformationEditSaveAction.checkIfTheRedirectionOfThePageAndTheCreationOfTheAirplane(TestAirlineInformationEditSaveAction.java:70)
</error>
  </testcase>
  <testcase classname="configurations.TestConnectHibernate" name="testFunctionAfter" time="0.352" />
  <testcase classname="configurations.TestConnectHibernate" name="testFunctionBefore" time="0.329" />
  <testcase classname="hibernateDAOtests.TestDAOAirlineManager" name="testIfTheAirlineManagerIsNotLoadedSendingIncorrectValues" time="0.315" />
  <testcase classname="hibernateDAOtests.TestDAOAirlineManager" name="testIfTheAirlineManagerIsLoadedSendingCorrectValues" time="0.333">
    <failure type="junit.framework.AssertionFailedError">junit.framework.AssertionFailedError
	at hibernateDAOtests.TestDAOAirlineManager.testIfTheAirlineManagerIsLoadedSendingCorrectValues(TestDAOAirlineManager.java:23)
</failure>
  </testcase>
  <testcase classname="hibernateDAOtests.TestDAOAirplane" name="testToDeleteAirplaneWithNullAirplane" time="0.304" />
  <testcase classname="hibernateDAOtests.TestDAOAirplane" name="testToDeleteAirplaneWithAllValues" time="0.698">
    <failure message="Error inserting a airplane" type="junit.framework.AssertionFailedError">junit.framework.AssertionFailedError: Error inserting a airplane
	at hibernateDAOtests.TestDAOAirplane.testToDeleteAirplaneWithAllValues(TestDAOAirplane.java:32)
</failure>
  </testcase>
  <testcase classname="hibernateDAOtests.TestDAOAirplane" name="testToLoadAnSpecificAirplane" time="0.32">
    <failure type="junit.framework.AssertionFailedError">junit.framework.AssertionFailedError
	at hibernateDAOtests.TestDAOAirplane.testToLoadAnSpecificAirplane(TestDAOAirplane.java:66)
</failure>
  </testcase>
  <testcase classname="hibernateDAOtests.TestDAOAirplane" name="testToLoadAirplanesOfAirlineSendingACorrectId" time="0.389" />
  <testcase classname="hibernateDAOtests.TestDAOAirportController" name="testToLoadAirportControllerWithCorrectData" time="0.322" />
  <testcase classname="hibernateDAOtests.TestDAOPassanger" name="testToInsertNewPassangerWithAllAtributes" time="0.315">
    <failure message="Error inserting a new passanger" type="junit.framework.AssertionFailedError">junit.framework.AssertionFailedError: Error inserting a new passanger
	at hibernateDAOtests.TestDAOPassanger.testToInsertNewPassangerWithAllAtributes(TestDAOPassanger.java:50)
</failure>
  </testcase>
  <testcase classname="hibernateDAOtests.TestDAOPassanger" name="testToInsertNewPassangerWithANullAtribute" time="0.304" />
  <testcase classname="hibernateDAOtests.TestDAOPassanger" name="testToLoadPassengerFlights" time="0.478" />
  <testcase classname="hibernateDAOtests.TestDAOPassanger" name="testToAddFlightToLoggedPassenger" time="0.0" />
  <testcase classname="hibernateDAOtests.TestDAOPassanger" name="testToUpdateAPassenger" time="0.327" />
  <testcase classname="hibernateDAOtests.TestDAOPassanger" name="testToLoadAPassengerWithCorrectData" time="0.334">
    <failure type="junit.framework.AssertionFailedError">junit.framework.AssertionFailedError
	at hibernateDAOtests.TestDAOPassanger.testToLoadAPassengerWithCorrectData(TestDAOPassanger.java:91)
</failure>
  </testcase>
  <testcase classname="login.TestLoginActionController" name="testIfTheLoginUserDistributionFunctionIsOkIfAManagerIsLogged" time="1.13">
    <error message="Unable to create requested service [org.hibernate.engine.jdbc.env.spi.JdbcEnvironment]" type="org.hibernate.service.spi.ServiceException">org.hibernate.service.spi.ServiceException: Unable to create requested service [org.hibernate.engine.jdbc.env.spi.JdbcEnvironment]
	at org.hibernate.service.internal.AbstractServiceRegistryImpl.createService(AbstractServiceRegistryImpl.java:267)
	at org.hibernate.service.internal.AbstractServiceRegistryImpl.initializeService(AbstractServiceRegistryImpl.java:231)
	at org.hibernate.service.internal.AbstractServiceRegistryImpl.getService(AbstractServiceRegistryImpl.java:210)
	at org.hibernate.engine.jdbc.internal.JdbcServicesImpl.configure(JdbcServicesImpl.java:51)
	at org.hibernate.boot.registry.internal.StandardServiceRegistryImpl.configureService(StandardServiceRegistryImpl.java:94)
	at org.hibernate.service.internal.AbstractServiceRegistryImpl.initializeService(AbstractServiceRegistryImpl.java:240)
	at org.hibernate.service.internal.AbstractServiceRegistryImpl.getService(AbstractServiceRegistryImpl.java:210)
	at org.hibernate.boot.model.process.spi.MetadataBuildingProcess.handleTypes(MetadataBuildingProcess.java:352)
	at org.hibernate.boot.model.process.spi.MetadataBuildingProcess.complete(MetadataBuildingProcess.java:111)
	at org.hibernate.boot.model.process.spi.MetadataBuildingProcess.build(MetadataBuildingProcess.java:83)
	at org.hibernate.boot.internal.MetadataBuilderImpl.build(MetadataBuilderImpl.java:418)
	at org.hibernate.boot.internal.MetadataBuilderImpl.build(MetadataBuilderImpl.java:87)
	at org.hibernate.cfg.Configuration.buildSessionFactory(Configuration.java:691)
	at org.hibernate.cfg.Configuration.buildSessionFactory(Configuration.java:726)
	at configurations.ConnectHibernate.changeUser(ConnectHibernate.java:66)
	at actions.login.LoginAction.clearAllLoggedUsers(LoginAction.java:111)
	at actions.login.LoginAction.execute(LoginAction.java:67)
	at login.TestLoginActionController.testIfTheLoginUserDistributionFunctionIsOkIfAManagerIsLogged(TestLoginActionController.java:102)
Caused by: org.hibernate.exception.JDBCConnectionException: Error calling Driver#connect
	at org.hibernate.engine.jdbc.connections.internal.BasicConnectionCreator$1$1.convert(BasicConnectionCreator.java:105)
	at org.hibernate.engine.jdbc.connections.internal.BasicConnectionCreator.convertSqlException(BasicConnectionCreator.java:123)
	at org.hibernate.engine.jdbc.connections.internal.DriverConnectionCreator.makeConnection(DriverConnectionCreator.java:41)
	at org.hibernate.engine.jdbc.connections.internal.BasicConnectionCreator.createConnection(BasicConnectionCreator.java:58)
	at org.hibernate.engine.jdbc.connections.internal.PooledConnections.addConnections(PooledConnections.java:123)
	at org.hibernate.engine.jdbc.connections.internal.PooledConnections.&lt;init&gt;(PooledConnections.java:42)
	at org.hibernate.engine.jdbc.connections.internal.PooledConnections.&lt;init&gt;(PooledConnections.java:20)
	at org.hibernate.engine.jdbc.connections.internal.PooledConnections$Builder.build(PooledConnections.java:161)
	at org.hibernate.engine.jdbc.connections.internal.DriverManagerConnectionProviderImpl.buildPool(DriverManagerConnectionProviderImpl.java:109)
	at org.hibernate.engine.jdbc.connections.internal.DriverManagerConnectionProviderImpl.configure(DriverManagerConnectionProviderImpl.java:72)
	at org.hibernate.boot.registry.internal.StandardServiceRegistryImpl.configureService(StandardServiceRegistryImpl.java:94)
	at org.hibernate.service.internal.AbstractServiceRegistryImpl.initializeService(AbstractServiceRegistryImpl.java:240)
	at org.hibernate.service.internal.AbstractServiceRegistryImpl.getService(AbstractServiceRegistryImpl.java:210)
	at org.hibernate.engine.jdbc.env.internal.JdbcEnvironmentInitiator.buildJdbcConnectionAccess(JdbcEnvironmentInitiator.java:145)
	at org.hibernate.engine.jdbc.env.internal.JdbcEnvironmentInitiator.initiateService(JdbcEnvironmentInitiator.java:66)
	at org.hibernate.engine.jdbc.env.internal.JdbcEnvironmentInitiator.initiateService(JdbcEnvironmentInitiator.java:35)
	at org.hibernate.boot.registry.internal.StandardServiceRegistryImpl.initiateService(StandardServiceRegistryImpl.java:88)
	at org.hibernate.service.internal.AbstractServiceRegistryImpl.createService(AbstractServiceRegistryImpl.java:257)
	at org.hibernate.service.internal.AbstractServiceRegistryImpl.initializeService(AbstractServiceRegistryImpl.java:231)
	at org.hibernate.service.internal.AbstractServiceRegistryImpl.getService(AbstractServiceRegistryImpl.java:210)
	at org.hibernate.engine.jdbc.internal.JdbcServicesImpl.configure(JdbcServicesImpl.java:51)
	at org.hibernate.boot.registry.internal.StandardServiceRegistryImpl.configureService(StandardServiceRegistryImpl.java:94)
	at org.hibernate.service.internal.AbstractServiceRegistryImpl.initializeService(AbstractServiceRegistryImpl.java:240)
	at org.hibernate.service.internal.AbstractServiceRegistryImpl.getService(AbstractServiceRegistryImpl.java:210)
	at org.hibernate.boot.model.process.spi.MetadataBuildingProcess.handleTypes(MetadataBuildingProcess.java:352)
	at org.hibernate.boot.model.process.spi.MetadataBuildingProcess.complete(MetadataBuildingProcess.java:111)
	at org.hibernate.boot.model.process.spi.MetadataBuildingProcess.build(MetadataBuildingProcess.java:83)
	at org.hibernate.boot.internal.MetadataBuilderImpl.build(MetadataBuilderImpl.java:418)
	at org.hibernate.boot.internal.MetadataBuilderImpl.build(MetadataBuilderImpl.java:87)
	at org.hibernate.cfg.Configuration.buildSessionFactory(Configuration.java:691)
	at org.hibernate.cfg.Configuration.buildSessionFactory(Configuration.java:726)
	at configurations.ConnectHibernate.changeUser(ConnectHibernate.java:66)
	at actions.login.LoginAction.clearAllLoggedUsers(LoginAction.java:111)
	at actions.login.LoginAction.execute(LoginAction.java:67)
	at actions.login.LoginAction$$EnhancerByMockitoWithCGLIB$$b5d95d58.CGLIB$execute$1(&lt;generated&gt;)
	at actions.login.LoginAction$$EnhancerByMockitoWithCGLIB$$b5d95d58$$FastClassByMockitoWithCGLIB$$c39a1bbf.invoke(&lt;generated&gt;)
	at org.mockito.cglib.proxy.MethodProxy.invokeSuper(MethodProxy.java:216)
	at org.mockito.internal.creation.cglib.DelegatingMockitoMethodProxy.invokeSuper(DelegatingMockitoMethodProxy.java:19)
	at org.mockito.internal.invocation.realmethod.DefaultRealMethod.invoke(DefaultRealMethod.java:21)
	at org.mockito.internal.invocation.realmethod.CleanTraceRealMethod.invoke(CleanTraceRealMethod.java:30)
	at org.mockito.internal.invocation.InvocationImpl.callRealMethod(InvocationImpl.java:112)
	at org.mockito.internal.stubbing.answers.CallsRealMethods.answer(CallsRealMethods.java:41)
	at org.mockito.internal.handler.MockHandlerImpl.handle(MockHandlerImpl.java:93)
	at org.mockito.internal.handler.NullResultGuardian.handle(NullResultGuardian.java:29)
	at org.mockito.internal.handler.InvocationNotifierHandler.handle(InvocationNotifierHandler.java:38)
	at org.mockito.internal.creation.cglib.MethodInterceptorFilter.intercept(MethodInterceptorFilter.java:59)
	at actions.login.LoginAction$$EnhancerByMockitoWithCGLIB$$b5d95d58.execute(&lt;generated&gt;)
Caused by: org.postgresql.util.PSQLException: FATAL: la autentificación password falló para el usuario «admin» (pgjdbc: autodetected server-encoding to be ISO8859_1, if the message is not readable, please check database logs and/or host, port, dbname, user, password, pg_hba.conf)
	at org.postgresql.core.v3.ConnectionFactoryImpl.doAuthentication(ConnectionFactoryImpl.java:443)
	at org.postgresql.core.v3.ConnectionFactoryImpl.openConnectionImpl(ConnectionFactoryImpl.java:217)
	at org.postgresql.core.ConnectionFactory.openConnection(ConnectionFactory.java:51)
	at org.postgresql.jdbc.PgConnection.&lt;init&gt;(PgConnection.java:215)
	at org.postgresql.Driver.makeConnection(Driver.java:404)
	at org.postgresql.Driver.connect(Driver.java:272)
	at org.hibernate.engine.jdbc.connections.internal.DriverConnectionCreator.makeConnection(DriverConnectionCreator.java:38)
</error>
  </testcase>
  <testcase classname="login.TestLoginActionController" name="testIfTheLoginUserDistributionFunctionIsOkIfAPassengerIsLogged" time="0.975">
    <error message="Unable to create requested service [org.hibernate.engine.jdbc.env.spi.JdbcEnvironment]" type="org.hibernate.service.spi.ServiceException">org.hibernate.service.spi.ServiceException: Unable to create requested service [org.hibernate.engine.jdbc.env.spi.JdbcEnvironment]
	at org.hibernate.service.internal.AbstractServiceRegistryImpl.createService(AbstractServiceRegistryImpl.java:267)
	at org.hibernate.service.internal.AbstractServiceRegistryImpl.initializeService(AbstractServiceRegistryImpl.java:231)
	at org.hibernate.service.internal.AbstractServiceRegistryImpl.getService(AbstractServiceRegistryImpl.java:210)
	at org.hibernate.engine.jdbc.internal.JdbcServicesImpl.configure(JdbcServicesImpl.java:51)
	at org.hibernate.boot.registry.internal.StandardServiceRegistryImpl.configureService(StandardServiceRegistryImpl.java:94)
	at org.hibernate.service.internal.AbstractServiceRegistryImpl.initializeService(AbstractServiceRegistryImpl.java:240)
	at org.hibernate.service.internal.AbstractServiceRegistryImpl.getService(AbstractServiceRegistryImpl.java:210)
	at org.hibernate.boot.model.process.spi.MetadataBuildingProcess.handleTypes(MetadataBuildingProcess.java:352)
	at org.hibernate.boot.model.process.spi.MetadataBuildingProcess.complete(MetadataBuildingProcess.java:111)
	at org.hibernate.boot.model.process.spi.MetadataBuildingProcess.build(MetadataBuildingProcess.java:83)
	at org.hibernate.boot.internal.MetadataBuilderImpl.build(MetadataBuilderImpl.java:418)
	at org.hibernate.boot.internal.MetadataBuilderImpl.build(MetadataBuilderImpl.java:87)
	at org.hibernate.cfg.Configuration.buildSessionFactory(Configuration.java:691)
	at org.hibernate.cfg.Configuration.buildSessionFactory(Configuration.java:726)
	at configurations.ConnectHibernate.changeUser(ConnectHibernate.java:66)
	at actions.login.LoginAction.clearAllLoggedUsers(LoginAction.java:111)
	at actions.login.LoginAction.execute(LoginAction.java:67)
	at login.TestLoginActionController.testIfTheLoginUserDistributionFunctionIsOkIfAPassengerIsLogged(TestLoginActionController.java:66)
Caused by: org.hibernate.exception.JDBCConnectionException: Error calling Driver#connect
	at org.hibernate.engine.jdbc.connections.internal.BasicConnectionCreator$1$1.convert(BasicConnectionCreator.java:105)
	at org.hibernate.engine.jdbc.connections.internal.BasicConnectionCreator.convertSqlException(BasicConnectionCreator.java:123)
	at org.hibernate.engine.jdbc.connections.internal.DriverConnectionCreator.makeConnection(DriverConnectionCreator.java:41)
	at org.hibernate.engine.jdbc.connections.internal.BasicConnectionCreator.createConnection(BasicConnectionCreator.java:58)
	at org.hibernate.engine.jdbc.connections.internal.PooledConnections.addConnections(PooledConnections.java:123)
	at org.hibernate.engine.jdbc.connections.internal.PooledConnections.&lt;init&gt;(PooledConnections.java:42)
	at org.hibernate.engine.jdbc.connections.internal.PooledConnections.&lt;init&gt;(PooledConnections.java:20)
	at org.hibernate.engine.jdbc.connections.internal.PooledConnections$Builder.build(PooledConnections.java:161)
	at org.hibernate.engine.jdbc.connections.internal.DriverManagerConnectionProviderImpl.buildPool(DriverManagerConnectionProviderImpl.java:109)
	at org.hibernate.engine.jdbc.connections.internal.DriverManagerConnectionProviderImpl.configure(DriverManagerConnectionProviderImpl.java:72)
	at org.hibernate.boot.registry.internal.StandardServiceRegistryImpl.configureService(StandardServiceRegistryImpl.java:94)
	at org.hibernate.service.internal.AbstractServiceRegistryImpl.initializeService(AbstractServiceRegistryImpl.java:240)
	at org.hibernate.service.internal.AbstractServiceRegistryImpl.getService(AbstractServiceRegistryImpl.java:210)
	at org.hibernate.engine.jdbc.env.internal.JdbcEnvironmentInitiator.buildJdbcConnectionAccess(JdbcEnvironmentInitiator.java:145)
	at org.hibernate.engine.jdbc.env.internal.JdbcEnvironmentInitiator.initiateService(JdbcEnvironmentInitiator.java:66)
	at org.hibernate.engine.jdbc.env.internal.JdbcEnvironmentInitiator.initiateService(JdbcEnvironmentInitiator.java:35)
	at org.hibernate.boot.registry.internal.StandardServiceRegistryImpl.initiateService(StandardServiceRegistryImpl.java:88)
	at org.hibernate.service.internal.AbstractServiceRegistryImpl.createService(AbstractServiceRegistryImpl.java:257)
	at org.hibernate.service.internal.AbstractServiceRegistryImpl.initializeService(AbstractServiceRegistryImpl.java:231)
	at org.hibernate.service.internal.AbstractServiceRegistryImpl.getService(AbstractServiceRegistryImpl.java:210)
	at org.hibernate.engine.jdbc.internal.JdbcServicesImpl.configure(JdbcServicesImpl.java:51)
	at org.hibernate.boot.registry.internal.StandardServiceRegistryImpl.configureService(StandardServiceRegistryImpl.java:94)
	at org.hibernate.service.internal.AbstractServiceRegistryImpl.initializeService(AbstractServiceRegistryImpl.java:240)
	at org.hibernate.service.internal.AbstractServiceRegistryImpl.getService(AbstractServiceRegistryImpl.java:210)
	at org.hibernate.boot.model.process.spi.MetadataBuildingProcess.handleTypes(MetadataBuildingProcess.java:352)
	at org.hibernate.boot.model.process.spi.MetadataBuildingProcess.complete(MetadataBuildingProcess.java:111)
	at org.hibernate.boot.model.process.spi.MetadataBuildingProcess.build(MetadataBuildingProcess.java:83)
	at org.hibernate.boot.internal.MetadataBuilderImpl.build(MetadataBuilderImpl.java:418)
	at org.hibernate.boot.internal.MetadataBuilderImpl.build(MetadataBuilderImpl.java:87)
	at org.hibernate.cfg.Configuration.buildSessionFactory(Configuration.java:691)
	at org.hibernate.cfg.Configuration.buildSessionFactory(Configuration.java:726)
	at configurations.ConnectHibernate.changeUser(ConnectHibernate.java:66)
	at actions.login.LoginAction.clearAllLoggedUsers(LoginAction.java:111)
	at actions.login.LoginAction.execute(LoginAction.java:67)
	at actions.login.LoginAction$$EnhancerByMockitoWithCGLIB$$b5d95d58.CGLIB$execute$1(&lt;generated&gt;)
	at actions.login.LoginAction$$EnhancerByMockitoWithCGLIB$$b5d95d58$$FastClassByMockitoWithCGLIB$$c39a1bbf.invoke(&lt;generated&gt;)
	at org.mockito.cglib.proxy.MethodProxy.invokeSuper(MethodProxy.java:216)
	at org.mockito.internal.creation.cglib.DelegatingMockitoMethodProxy.invokeSuper(DelegatingMockitoMethodProxy.java:19)
	at org.mockito.internal.invocation.realmethod.DefaultRealMethod.invoke(DefaultRealMethod.java:21)
	at org.mockito.internal.invocation.realmethod.CleanTraceRealMethod.invoke(CleanTraceRealMethod.java:30)
	at org.mockito.internal.invocation.InvocationImpl.callRealMethod(InvocationImpl.java:112)
	at org.mockito.internal.stubbing.answers.CallsRealMethods.answer(CallsRealMethods.java:41)
	at org.mockito.internal.handler.MockHandlerImpl.handle(MockHandlerImpl.java:93)
	at org.mockito.internal.handler.NullResultGuardian.handle(NullResultGuardian.java:29)
	at org.mockito.internal.handler.InvocationNotifierHandler.handle(InvocationNotifierHandler.java:38)
	at org.mockito.internal.creation.cglib.MethodInterceptorFilter.intercept(MethodInterceptorFilter.java:59)
	at actions.login.LoginAction$$EnhancerByMockitoWithCGLIB$$b5d95d58.execute(&lt;generated&gt;)
Caused by: org.postgresql.util.PSQLException: FATAL: la autentificación password falló para el usuario «admin» (pgjdbc: autodetected server-encoding to be ISO8859_1, if the message is not readable, please check database logs and/or host, port, dbname, user, password, pg_hba.conf)
	at org.postgresql.core.v3.ConnectionFactoryImpl.doAuthentication(ConnectionFactoryImpl.java:443)
	at org.postgresql.core.v3.ConnectionFactoryImpl.openConnectionImpl(ConnectionFactoryImpl.java:217)
	at org.postgresql.core.ConnectionFactory.openConnection(ConnectionFactory.java:51)
	at org.postgresql.jdbc.PgConnection.&lt;init&gt;(PgConnection.java:215)
	at org.postgresql.Driver.makeConnection(Driver.java:404)
	at org.postgresql.Driver.connect(Driver.java:272)
	at org.hibernate.engine.jdbc.connections.internal.DriverConnectionCreator.makeConnection(DriverConnectionCreator.java:38)
</error>
  </testcase>
  <testcase classname="login.TestLoginActionController" name="testIfTheLoginUserDistributionFunctionIsOkIfAControllerIsLogged" time="1.109">
    <error message="Unable to create requested service [org.hibernate.engine.jdbc.env.spi.JdbcEnvironment]" type="org.hibernate.service.spi.ServiceException">org.hibernate.service.spi.ServiceException: Unable to create requested service [org.hibernate.engine.jdbc.env.spi.JdbcEnvironment]
	at org.hibernate.service.internal.AbstractServiceRegistryImpl.createService(AbstractServiceRegistryImpl.java:267)
	at org.hibernate.service.internal.AbstractServiceRegistryImpl.initializeService(AbstractServiceRegistryImpl.java:231)
	at org.hibernate.service.internal.AbstractServiceRegistryImpl.getService(AbstractServiceRegistryImpl.java:210)
	at org.hibernate.engine.jdbc.internal.JdbcServicesImpl.configure(JdbcServicesImpl.java:51)
	at org.hibernate.boot.registry.internal.StandardServiceRegistryImpl.configureService(StandardServiceRegistryImpl.java:94)
	at org.hibernate.service.internal.AbstractServiceRegistryImpl.initializeService(AbstractServiceRegistryImpl.java:240)
	at org.hibernate.service.internal.AbstractServiceRegistryImpl.getService(AbstractServiceRegistryImpl.java:210)
	at org.hibernate.boot.model.process.spi.MetadataBuildingProcess.handleTypes(MetadataBuildingProcess.java:352)
	at org.hibernate.boot.model.process.spi.MetadataBuildingProcess.complete(MetadataBuildingProcess.java:111)
	at org.hibernate.boot.model.process.spi.MetadataBuildingProcess.build(MetadataBuildingProcess.java:83)
	at org.hibernate.boot.internal.MetadataBuilderImpl.build(MetadataBuilderImpl.java:418)
	at org.hibernate.boot.internal.MetadataBuilderImpl.build(MetadataBuilderImpl.java:87)
	at org.hibernate.cfg.Configuration.buildSessionFactory(Configuration.java:691)
	at org.hibernate.cfg.Configuration.buildSessionFactory(Configuration.java:726)
	at configurations.ConnectHibernate.changeUser(ConnectHibernate.java:66)
	at actions.login.LoginAction.clearAllLoggedUsers(LoginAction.java:111)
	at actions.login.LoginAction.execute(LoginAction.java:67)
	at login.TestLoginActionController.testIfTheLoginUserDistributionFunctionIsOkIfAControllerIsLogged(TestLoginActionController.java:84)
Caused by: org.hibernate.exception.JDBCConnectionException: Error calling Driver#connect
	at org.hibernate.engine.jdbc.connections.internal.BasicConnectionCreator$1$1.convert(BasicConnectionCreator.java:105)
	at org.hibernate.engine.jdbc.connections.internal.BasicConnectionCreator.convertSqlException(BasicConnectionCreator.java:123)
	at org.hibernate.engine.jdbc.connections.internal.DriverConnectionCreator.makeConnection(DriverConnectionCreator.java:41)
	at org.hibernate.engine.jdbc.connections.internal.BasicConnectionCreator.createConnection(BasicConnectionCreator.java:58)
	at org.hibernate.engine.jdbc.connections.internal.PooledConnections.addConnections(PooledConnections.java:123)
	at org.hibernate.engine.jdbc.connections.internal.PooledConnections.&lt;init&gt;(PooledConnections.java:42)
	at org.hibernate.engine.jdbc.connections.internal.PooledConnections.&lt;init&gt;(PooledConnections.java:20)
	at org.hibernate.engine.jdbc.connections.internal.PooledConnections$Builder.build(PooledConnections.java:161)
	at org.hibernate.engine.jdbc.connections.internal.DriverManagerConnectionProviderImpl.buildPool(DriverManagerConnectionProviderImpl.java:109)
	at org.hibernate.engine.jdbc.connections.internal.DriverManagerConnectionProviderImpl.configure(DriverManagerConnectionProviderImpl.java:72)
	at org.hibernate.boot.registry.internal.StandardServiceRegistryImpl.configureService(StandardServiceRegistryImpl.java:94)
	at org.hibernate.service.internal.AbstractServiceRegistryImpl.initializeService(AbstractServiceRegistryImpl.java:240)
	at org.hibernate.service.internal.AbstractServiceRegistryImpl.getService(AbstractServiceRegistryImpl.java:210)
	at org.hibernate.engine.jdbc.env.internal.JdbcEnvironmentInitiator.buildJdbcConnectionAccess(JdbcEnvironmentInitiator.java:145)
	at org.hibernate.engine.jdbc.env.internal.JdbcEnvironmentInitiator.initiateService(JdbcEnvironmentInitiator.java:66)
	at org.hibernate.engine.jdbc.env.internal.JdbcEnvironmentInitiator.initiateService(JdbcEnvironmentInitiator.java:35)
	at org.hibernate.boot.registry.internal.StandardServiceRegistryImpl.initiateService(StandardServiceRegistryImpl.java:88)
	at org.hibernate.service.internal.AbstractServiceRegistryImpl.createService(AbstractServiceRegistryImpl.java:257)
	at org.hibernate.service.internal.AbstractServiceRegistryImpl.initializeService(AbstractServiceRegistryImpl.java:231)
	at org.hibernate.service.internal.AbstractServiceRegistryImpl.getService(AbstractServiceRegistryImpl.java:210)
	at org.hibernate.engine.jdbc.internal.JdbcServicesImpl.configure(JdbcServicesImpl.java:51)
	at org.hibernate.boot.registry.internal.StandardServiceRegistryImpl.configureService(StandardServiceRegistryImpl.java:94)
	at org.hibernate.service.internal.AbstractServiceRegistryImpl.initializeService(AbstractServiceRegistryImpl.java:240)
	at org.hibernate.service.internal.AbstractServiceRegistryImpl.getService(AbstractServiceRegistryImpl.java:210)
	at org.hibernate.boot.model.process.spi.MetadataBuildingProcess.handleTypes(MetadataBuildingProcess.java:352)
	at org.hibernate.boot.model.process.spi.MetadataBuildingProcess.complete(MetadataBuildingProcess.java:111)
	at org.hibernate.boot.model.process.spi.MetadataBuildingProcess.build(MetadataBuildingProcess.java:83)
	at org.hibernate.boot.internal.MetadataBuilderImpl.build(MetadataBuilderImpl.java:418)
	at org.hibernate.boot.internal.MetadataBuilderImpl.build(MetadataBuilderImpl.java:87)
	at org.hibernate.cfg.Configuration.buildSessionFactory(Configuration.java:691)
	at org.hibernate.cfg.Configuration.buildSessionFactory(Configuration.java:726)
	at configurations.ConnectHibernate.changeUser(ConnectHibernate.java:66)
	at actions.login.LoginAction.clearAllLoggedUsers(LoginAction.java:111)
	at actions.login.LoginAction.execute(LoginAction.java:67)
	at actions.login.LoginAction$$EnhancerByMockitoWithCGLIB$$b5d95d58.CGLIB$execute$1(&lt;generated&gt;)
	at actions.login.LoginAction$$EnhancerByMockitoWithCGLIB$$b5d95d58$$FastClassByMockitoWithCGLIB$$c39a1bbf.invoke(&lt;generated&gt;)
	at org.mockito.cglib.proxy.MethodProxy.invokeSuper(MethodProxy.java:216)
	at org.mockito.internal.creation.cglib.DelegatingMockitoMethodProxy.invokeSuper(DelegatingMockitoMethodProxy.java:19)
	at org.mockito.internal.invocation.realmethod.DefaultRealMethod.invoke(DefaultRealMethod.java:21)
	at org.mockito.internal.invocation.realmethod.CleanTraceRealMethod.invoke(CleanTraceRealMethod.java:30)
	at org.mockito.internal.invocation.InvocationImpl.callRealMethod(InvocationImpl.java:112)
	at org.mockito.internal.stubbing.answers.CallsRealMethods.answer(CallsRealMethods.java:41)
	at org.mockito.internal.handler.MockHandlerImpl.handle(MockHandlerImpl.java:93)
	at org.mockito.internal.handler.NullResultGuardian.handle(NullResultGuardian.java:29)
	at org.mockito.internal.handler.InvocationNotifierHandler.handle(InvocationNotifierHandler.java:38)
	at org.mockito.internal.creation.cglib.MethodInterceptorFilter.intercept(MethodInterceptorFilter.java:59)
	at actions.login.LoginAction$$EnhancerByMockitoWithCGLIB$$b5d95d58.execute(&lt;generated&gt;)
Caused by: org.postgresql.util.PSQLException: FATAL: la autentificación password falló para el usuario «admin» (pgjdbc: autodetected server-encoding to be ISO8859_1, if the message is not readable, please check database logs and/or host, port, dbname, user, password, pg_hba.conf)
	at org.postgresql.core.v3.ConnectionFactoryImpl.doAuthentication(ConnectionFactoryImpl.java:443)
	at org.postgresql.core.v3.ConnectionFactoryImpl.openConnectionImpl(ConnectionFactoryImpl.java:217)
	at org.postgresql.core.ConnectionFactory.openConnection(ConnectionFactory.java:51)
	at org.postgresql.jdbc.PgConnection.&lt;init&gt;(PgConnection.java:215)
	at org.postgresql.Driver.makeConnection(Driver.java:404)
	at org.postgresql.Driver.connect(Driver.java:272)
	at org.hibernate.engine.jdbc.connections.internal.DriverConnectionCreator.makeConnection(DriverConnectionCreator.java:38)
</error>
  </testcase>
  <testcase classname="passengerMenu.TestAllFlightsAction" name="checkIfTheRedirectionIsMadeInAGooWay" time="0.385" />
  <testcase classname="passengerMenu.TestAllFlightsAction" name="checkIfTheFlightsAreLoaded" time="0.378" />
  <testcase classname="passengerMenu.TestBookAFlightAction" name="checkIfTheDataIsFilled" time="0.299">
    <error type="java.lang.NullPointerException">java.lang.NullPointerException
	at actions.passengerMenu.BookAFlightAction.fillDataWithSessionPassanger(BookAFlightAction.java:70)
	at actions.passengerMenu.BookAFlightAction.execute(BookAFlightAction.java:59)
	at passengerMenu.TestBookAFlightAction.checkIfTheDataIsFilled(TestBookAFlightAction.java:72)
</error>
  </testcase>
  <testcase classname="passengerMenu.TestBookAFlightAction" name="checkIfTheRedirectionIsOk" time="0.309">
    <error type="java.lang.NullPointerException">java.lang.NullPointerException
	at actions.passengerMenu.BookAFlightAction.fillDataWithSessionPassanger(BookAFlightAction.java:70)
	at actions.passengerMenu.BookAFlightAction.execute(BookAFlightAction.java:59)
	at passengerMenu.TestBookAFlightAction.checkIfTheRedirectionIsOk(TestBookAFlightAction.java:84)
</error>
  </testcase>
  <testcase classname="passengerMenu.TestBookAFlightFinishAction" name="testGettersAndSetters" time="0.001" />
  <testcase classname="passengerMenu.TestBookAFlightFinishAction" name="checkIfTheRedirectionOfThePageIsOKWithExistingFlight" time="0.626" />
  <testcase classname="passengerMenu.TestMyFightsAction" name="checkTheFlightLoadingAndRedirection" time="0.316">
    <error type="java.lang.NullPointerException">java.lang.NullPointerException
	at actions.passengerMenu.MyFlightsAction.execute(MyFlightsAction.java:43)
	at passengerMenu.TestMyFightsAction.checkTheFlightLoadingAndRedirection(TestMyFightsAction.java:70)
</error>
  </testcase>
  <testcase classname="passengerMenu.TestMyProfileAction" name="redirectionIsOk" time="0.327">
    <error type="java.lang.NullPointerException">java.lang.NullPointerException
	at actions.passengerMenu.MyProfileAction.loadLoggedPassangerAtributes(MyProfileAction.java:85)
	at actions.passengerMenu.MyProfileAction.execute(MyProfileAction.java:69)
	at passengerMenu.TestMyProfileAction.redirectionIsOk(TestMyProfileAction.java:90)
</error>
  </testcase>
  <testcase classname="passengerMenu.TestMyProfileAction" name="testIfTheAtributeIsFilled" time="0.3">
    <error type="java.lang.NullPointerException">java.lang.NullPointerException
	at actions.passengerMenu.MyProfileAction.loadLoggedPassangerAtributes(MyProfileAction.java:85)
	at actions.passengerMenu.MyProfileAction.execute(MyProfileAction.java:69)
	at passengerMenu.TestMyProfileAction.testIfTheAtributeIsFilled(TestMyProfileAction.java:70)
</error>
  </testcase>
  <testcase classname="passengerMenu.TestMyProfileSaveChangesAction" name="testGettersAndSetters" time="0.317" />
  <testcase classname="passengerMenu.TestMyProfileSaveChangesAction" name="redirectionIsOk" time="0.29">
    <error type="java.lang.NullPointerException">java.lang.NullPointerException
	at actions.passengerMenu.MyProfileSaveChagesAction.createPassangerObject(MyProfileSaveChagesAction.java:83)
	at actions.passengerMenu.MyProfileSaveChagesAction.execute(MyProfileSaveChagesAction.java:66)
	at passengerMenu.TestMyProfileSaveChangesAction.redirectionIsOk(TestMyProfileSaveChangesAction.java:102)
</error>
  </testcase>
  <testcase classname="passengerMenu.TestMyProfileSaveChangesAction" name="testIfTheAtributeIsFilled" time="0.313" />
  <testcase classname="register.TestRegisterAction" name="checkIfTheRedirectionIsOk" time="0.546">
    <failure message="The redirection was NOT OK expected:&lt;[emailError]&gt; but was:&lt;[login]&gt;" type="junit.framework.AssertionFailedError">junit.framework.AssertionFailedError: The redirection was NOT OK expected:&lt;[emailError]&gt; but was:&lt;[login]&gt;
	at register.TestRegisterAction.checkIfTheRedirectionIsOk(TestRegisterAction.java:54)
</failure>
  </testcase>
  <testcase classname="register.TestRegisterAction" name="testFunctionCreateDirectionObject" time="0.0" />
  <testcase classname="register.TestRegisterAction" name="testFunctionCreatePassangerObject" time="0.0" />
  <system-out><![CDATA[Hibernate: select airplane0_.airplaneId as airplane1_2_, airplane0_.airline_airlineId as airline12_2_, airplane0_.airport_airportId as airport13_2_, airplane0_.currentRegistration as currentR2_2_, airplane0_.deliberyDate as delibery3_2_, airplane0_.engineModel as engineMo4_2_, airplane0_.hoursOfFlight as hoursOfF5_2_, airplane0_.lineNumber as lineNumb6_2_, airplane0_.name as name7_2_, airplane0_.numberOfFlights as numberOf8_2_, airplane0_.operatorOwner as operator9_2_, airplane0_.planePosition_planePositionId as planePo14_2_, airplane0_.serialNumb as serialN10_2_, airplane0_.status as status11_2_ from Airplane airplane0_ where airplane0_.airplaneId=9
Hibernate: select photolist1_.photoId as photoId1_3_, photolist1_.photo as photo2_3_, photolist1_.photoDate as photoDat3_3_, photolist1_.photographer as photogra4_3_ from Airplane airplane0_ inner join AirplanePhoto photolist1_ on airplane0_.airplaneId=photolist1_.AIRPLANE_ID where airplaneId=9
Hibernate: select airlineman0_.airlineManagerId as airlineM1_1_, airlineman0_.airline_airlineId as airline12_1_, airlineman0_.birthDate as birthDat2_1_, airlineman0_.direction_directionId as directi13_1_, airlineman0_.dni_passport as dni_pass3_1_, airlineman0_.email as email4_1_, airlineman0_.firstName as firstNam5_1_, airlineman0_.homeTlf as homeTlf6_1_, airlineman0_.lastName1 as lastName7_1_, airlineman0_.lastName2 as lastName8_1_, airlineman0_.movileTlf as movileTl9_1_, airlineman0_.password as passwor10_1_, airlineman0_.username as usernam11_1_ from AirlineManager airlineman0_ where airlineman0_.password='arizz' and airlineman0_.username='arizz'
Hibernate: select airplane0_.airplaneId as airplane1_2_, airplane0_.airline_airlineId as airline12_2_, airplane0_.airport_airportId as airport13_2_, airplane0_.currentRegistration as currentR2_2_, airplane0_.deliberyDate as delibery3_2_, airplane0_.engineModel as engineMo4_2_, airplane0_.hoursOfFlight as hoursOfF5_2_, airplane0_.lineNumber as lineNumb6_2_, airplane0_.name as name7_2_, airplane0_.numberOfFlights as numberOf8_2_, airplane0_.operatorOwner as operator9_2_, airplane0_.planePosition_planePositionId as planePo14_2_, airplane0_.serialNumb as serialN10_2_, airplane0_.status as status11_2_ from Airplane airplane0_ where airplane0_.airplaneId=1
Hibernate: select airline0_.airlineId as airlineI1_0_0_, airline0_.description as descript2_0_0_, airline0_.name as name3_0_0_ from Airline airline0_ where airline0_.airlineId=?
Hibernate: select airport0_.airportId as airportI1_4_0_, airport0_.name as name2_4_0_ from Airport airport0_ where airport0_.airportId=?
Hibernate: select planeposit0_.planePositionId as planePos1_12_0_, planeposit0_.description as descript2_12_0_ from PlanePosition planeposit0_ where planeposit0_.planePositionId=?
Hibernate: select cotrollerl0_.airplaneList_airplaneId as airplane1_7_0_, cotrollerl0_.cotrollerList_airportControllerId as cotrolle2_7_0_, airportcon1_.airportControllerId as airportC1_5_1_, airportcon1_.airport_airportId as airport12_5_1_, airportcon1_.birthDate as birthDat2_5_1_, airportcon1_.direction_directionId as directi13_5_1_, airportcon1_.dni_passport as dni_pass3_5_1_, airportcon1_.email as email4_5_1_, airportcon1_.firstName as firstNam5_5_1_, airportcon1_.homeTlf as homeTlf6_5_1_, airportcon1_.lastName1 as lastName7_5_1_, airportcon1_.lastName2 as lastName8_5_1_, airportcon1_.movileTlf as movileTl9_5_1_, airportcon1_.password as passwor10_5_1_, airportcon1_.username as usernam11_5_1_, airport2_.airportId as airportI1_4_2_, airport2_.name as name2_4_2_, direction3_.directionId as directio1_9_3_, direction3_.address as address2_9_3_, direction3_.city as city3_9_3_, direction3_.codPost as codPost4_9_3_, direction3_.state as state5_9_3_ from ControlAirplane cotrollerl0_ inner join AirportController airportcon1_ on cotrollerl0_.cotrollerList_airportControllerId=airportcon1_.airportControllerId left outer join Airport airport2_ on airportcon1_.airport_airportId=airport2_.airportId left outer join Direction direction3_ on airportcon1_.direction_directionId=direction3_.directionId where cotrollerl0_.airplaneList_airplaneId=?
Hibernate: select photolist0_.AIRPLANE_ID as AIRPLANE5_3_0_, photolist0_.photoId as photoId1_3_0_, photolist0_.photoId as photoId1_3_1_, photolist0_.photo as photo2_3_1_, photolist0_.photoDate as photoDat3_3_1_, photolist0_.photographer as photogra4_3_1_ from AirplanePhoto photolist0_ where photolist0_.AIRPLANE_ID=?
Hibernate: delete from Airplane where airplaneId=?
Hibernate: select airplane0_.airplaneId as airplane1_2_, airplane0_.airline_airlineId as airline12_2_, airplane0_.airport_airportId as airport13_2_, airplane0_.currentRegistration as currentR2_2_, airplane0_.deliberyDate as delibery3_2_, airplane0_.engineModel as engineMo4_2_, airplane0_.hoursOfFlight as hoursOfF5_2_, airplane0_.lineNumber as lineNumb6_2_, airplane0_.name as name7_2_, airplane0_.numberOfFlights as numberOf8_2_, airplane0_.operatorOwner as operator9_2_, airplane0_.planePosition_planePositionId as planePo14_2_, airplane0_.serialNumb as serialN10_2_, airplane0_.status as status11_2_ from Airplane airplane0_ where airplane0_.airplaneId=9
Hibernate: select airlineman0_.airlineManagerId as airlineM1_1_, airlineman0_.airline_airlineId as airline12_1_, airlineman0_.birthDate as birthDat2_1_, airlineman0_.direction_directionId as directi13_1_, airlineman0_.dni_passport as dni_pass3_1_, airlineman0_.email as email4_1_, airlineman0_.firstName as firstNam5_1_, airlineman0_.homeTlf as homeTlf6_1_, airlineman0_.lastName1 as lastName7_1_, airlineman0_.lastName2 as lastName8_1_, airlineman0_.movileTlf as movileTl9_1_, airlineman0_.password as passwor10_1_, airlineman0_.username as usernam11_1_ from AirlineManager airlineman0_ where airlineman0_.password='arizz' and airlineman0_.username='arizz'
Hibernate: select airlineman0_.airlineManagerId as airlineM1_1_, airlineman0_.airline_airlineId as airline12_1_, airlineman0_.birthDate as birthDat2_1_, airlineman0_.direction_directionId as directi13_1_, airlineman0_.dni_passport as dni_pass3_1_, airlineman0_.email as email4_1_, airlineman0_.firstName as firstNam5_1_, airlineman0_.homeTlf as homeTlf6_1_, airlineman0_.lastName1 as lastName7_1_, airlineman0_.lastName2 as lastName8_1_, airlineman0_.movileTlf as movileTl9_1_, airlineman0_.password as passwor10_1_, airlineman0_.username as usernam11_1_ from AirlineManager airlineman0_ where airlineman0_.password='c' and airlineman0_.username='a'
Hibernate: select airlineman0_.airlineManagerId as airlineM1_1_, airlineman0_.airline_airlineId as airline12_1_, airlineman0_.birthDate as birthDat2_1_, airlineman0_.direction_directionId as directi13_1_, airlineman0_.dni_passport as dni_pass3_1_, airlineman0_.email as email4_1_, airlineman0_.firstName as firstNam5_1_, airlineman0_.homeTlf as homeTlf6_1_, airlineman0_.lastName1 as lastName7_1_, airlineman0_.lastName2 as lastName8_1_, airlineman0_.movileTlf as movileTl9_1_, airlineman0_.password as passwor10_1_, airlineman0_.username as usernam11_1_ from AirlineManager airlineman0_ where airlineman0_.password='arizz' and airlineman0_.username='arizz'
Hibernate: select airplane0_.airplaneId as airplane1_2_, airplane0_.airline_airlineId as airline12_2_, airplane0_.airport_airportId as airport13_2_, airplane0_.currentRegistration as currentR2_2_, airplane0_.deliberyDate as delibery3_2_, airplane0_.engineModel as engineMo4_2_, airplane0_.hoursOfFlight as hoursOfF5_2_, airplane0_.lineNumber as lineNumb6_2_, airplane0_.name as name7_2_, airplane0_.numberOfFlights as numberOf8_2_, airplane0_.operatorOwner as operator9_2_, airplane0_.planePosition_planePositionId as planePo14_2_, airplane0_.serialNumb as serialN10_2_, airplane0_.status as status11_2_ from Airplane airplane0_ where airplane0_.airplaneId=1
Hibernate: select airline0_.airlineId as airlineI1_0_0_, airline0_.description as descript2_0_0_, airline0_.name as name3_0_0_ from Airline airline0_ where airline0_.airlineId=?
Hibernate: select airport0_.airportId as airportI1_4_0_, airport0_.name as name2_4_0_ from Airport airport0_ where airport0_.airportId=?
Hibernate: select planeposit0_.planePositionId as planePos1_12_0_, planeposit0_.description as descript2_12_0_ from PlanePosition planeposit0_ where planeposit0_.planePositionId=?
Hibernate: select cotrollerl0_.airplaneList_airplaneId as airplane1_7_0_, cotrollerl0_.cotrollerList_airportControllerId as cotrolle2_7_0_, airportcon1_.airportControllerId as airportC1_5_1_, airportcon1_.airport_airportId as airport12_5_1_, airportcon1_.birthDate as birthDat2_5_1_, airportcon1_.direction_directionId as directi13_5_1_, airportcon1_.dni_passport as dni_pass3_5_1_, airportcon1_.email as email4_5_1_, airportcon1_.firstName as firstNam5_5_1_, airportcon1_.homeTlf as homeTlf6_5_1_, airportcon1_.lastName1 as lastName7_5_1_, airportcon1_.lastName2 as lastName8_5_1_, airportcon1_.movileTlf as movileTl9_5_1_, airportcon1_.password as passwor10_5_1_, airportcon1_.username as usernam11_5_1_, airport2_.airportId as airportI1_4_2_, airport2_.name as name2_4_2_, direction3_.directionId as directio1_9_3_, direction3_.address as address2_9_3_, direction3_.city as city3_9_3_, direction3_.codPost as codPost4_9_3_, direction3_.state as state5_9_3_ from ControlAirplane cotrollerl0_ inner join AirportController airportcon1_ on cotrollerl0_.cotrollerList_airportControllerId=airportcon1_.airportControllerId left outer join Airport airport2_ on airportcon1_.airport_airportId=airport2_.airportId left outer join Direction direction3_ on airportcon1_.direction_directionId=direction3_.directionId where cotrollerl0_.airplaneList_airplaneId=?
Hibernate: select photolist0_.AIRPLANE_ID as AIRPLANE5_3_0_, photolist0_.photoId as photoId1_3_0_, photolist0_.photoId as photoId1_3_1_, photolist0_.photo as photo2_3_1_, photolist0_.photoDate as photoDat3_3_1_, photolist0_.photographer as photogra4_3_1_ from AirplanePhoto photolist0_ where photolist0_.AIRPLANE_ID=?
Hibernate: delete from Airplane where airplaneId=?
Hibernate: select airplane0_.airplaneId as airplane1_2_, airplane0_.airline_airlineId as airline12_2_, airplane0_.airport_airportId as airport13_2_, airplane0_.currentRegistration as currentR2_2_, airplane0_.deliberyDate as delibery3_2_, airplane0_.engineModel as engineMo4_2_, airplane0_.hoursOfFlight as hoursOfF5_2_, airplane0_.lineNumber as lineNumb6_2_, airplane0_.name as name7_2_, airplane0_.numberOfFlights as numberOf8_2_, airplane0_.operatorOwner as operator9_2_, airplane0_.planePosition_planePositionId as planePo14_2_, airplane0_.serialNumb as serialN10_2_, airplane0_.status as status11_2_ from Airplane airplane0_ where airplane0_.airplaneId=9
Hibernate: SELECT airpl.* FROM (airlinemanager man join airline air on man.airline_airlineid=air.airlineid)join airplane airpl on airpl.airline_airlineid=air.airlineid WHERE man.airlinemanagerid=1
Hibernate: select airportcon0_.airportControllerId as airportC1_5_, airportcon0_.airport_airportId as airport12_5_, airportcon0_.birthDate as birthDat2_5_, airportcon0_.direction_directionId as directi13_5_, airportcon0_.dni_passport as dni_pass3_5_, airportcon0_.email as email4_5_, airportcon0_.firstName as firstNam5_5_, airportcon0_.homeTlf as homeTlf6_5_, airportcon0_.lastName1 as lastName7_5_, airportcon0_.lastName2 as lastName8_5_, airportcon0_.movileTlf as movileTl9_5_, airportcon0_.password as passwor10_5_, airportcon0_.username as usernam11_5_ from AirportController airportcon0_ where airportcon0_.password='123' and airportcon0_.username='irati'
Hibernate: select airport0_.airportId as airportI1_4_0_, airport0_.name as name2_4_0_ from Airport airport0_ where airport0_.airportId=?
Hibernate: select direction0_.directionId as directio1_9_0_, direction0_.address as address2_9_0_, direction0_.city as city3_9_0_, direction0_.codPost as codPost4_9_0_, direction0_.state as state5_9_0_ from Direction direction0_ where direction0_.directionId=?
Hibernate: select nextval ('hibernate_sequence')
Hibernate: insert into Passanger (birthDate, direction_directionId, dni_passport, email, firstName, homeTlf, lastName1, lastName2, movileTlf, password, username, passangerId) values (?, ?, ?, ?, ?, ?, ?, ?, ?, ?, ?, ?)
Hibernate: select nextval ('hibernate_sequence')
Hibernate: select flight2_.flightId as flightId1_10_, flight2_.airplane_airplaneId as airplane8_10_, flight2_.arrivalDate as arrivalD2_10_, flight2_.arrivalGate as arrivalG3_10_, flight2_.arrivalTerminal as arrivalT4_10_, flight2_.arriveAirport_airportId as arriveAi9_10_, flight2_.departAirport_airportId as departA10_10_, flight2_.departureDate as departur5_10_, flight2_.departureGate as departur6_10_, flight2_.departureTerminal as departur7_10_ from Passanger passanger0_ inner join booking flightlist1_ on passanger0_.passangerId=flightlist1_.passengerId inner join Flight flight2_ on flightlist1_.flightId=flight2_.flightId where passanger0_.passangerId=1
Hibernate: select airplane0_.airplaneId as airplane1_2_0_, airplane0_.airline_airlineId as airline12_2_0_, airplane0_.airport_airportId as airport13_2_0_, airplane0_.currentRegistration as currentR2_2_0_, airplane0_.deliberyDate as delibery3_2_0_, airplane0_.engineModel as engineMo4_2_0_, airplane0_.hoursOfFlight as hoursOfF5_2_0_, airplane0_.lineNumber as lineNumb6_2_0_, airplane0_.name as name7_2_0_, airplane0_.numberOfFlights as numberOf8_2_0_, airplane0_.operatorOwner as operator9_2_0_, airplane0_.planePosition_planePositionId as planePo14_2_0_, airplane0_.serialNumb as serialN10_2_0_, airplane0_.status as status11_2_0_, airline1_.airlineId as airlineI1_0_1_, airline1_.description as descript2_0_1_, airline1_.name as name3_0_1_, airport2_.airportId as airportI1_4_2_, airport2_.name as name2_4_2_, planeposit3_.planePositionId as planePos1_12_3_, planeposit3_.description as descript2_12_3_ from Airplane airplane0_ left outer join Airline airline1_ on airplane0_.airline_airlineId=airline1_.airlineId left outer join Airport airport2_ on airplane0_.airport_airportId=airport2_.airportId left outer join PlanePosition planeposit3_ on airplane0_.planePosition_planePositionId=planeposit3_.planePositionId where airplane0_.airplaneId=?
Hibernate: select airport0_.airportId as airportI1_4_0_, airport0_.name as name2_4_0_ from Airport airport0_ where airport0_.airportId=?
Hibernate: select passangerl0_.flightId as flightId2_6_0_, passangerl0_.passengerId as passenge1_6_0_, passanger1_.passangerId as passange1_11_1_, passanger1_.birthDate as birthDat2_11_1_, passanger1_.direction_directionId as directi12_11_1_, passanger1_.dni_passport as dni_pass3_11_1_, passanger1_.email as email4_11_1_, passanger1_.firstName as firstNam5_11_1_, passanger1_.homeTlf as homeTlf6_11_1_, passanger1_.lastName1 as lastName7_11_1_, passanger1_.lastName2 as lastName8_11_1_, passanger1_.movileTlf as movileTl9_11_1_, passanger1_.password as passwor10_11_1_, passanger1_.username as usernam11_11_1_, direction2_.directionId as directio1_9_2_, direction2_.address as address2_9_2_, direction2_.city as city3_9_2_, direction2_.codPost as codPost4_9_2_, direction2_.state as state5_9_2_ from booking passangerl0_ inner join Passanger passanger1_ on passangerl0_.passengerId=passanger1_.passangerId left outer join Direction direction2_ on passanger1_.direction_directionId=direction2_.directionId where passangerl0_.flightId=?
Hibernate: select flightlist0_.passengerId as passenge1_6_0_, flightlist0_.flightId as flightId2_6_0_, flight1_.flightId as flightId1_10_1_, flight1_.airplane_airplaneId as airplane8_10_1_, flight1_.arrivalDate as arrivalD2_10_1_, flight1_.arrivalGate as arrivalG3_10_1_, flight1_.arrivalTerminal as arrivalT4_10_1_, flight1_.arriveAirport_airportId as arriveAi9_10_1_, flight1_.departAirport_airportId as departA10_10_1_, flight1_.departureDate as departur5_10_1_, flight1_.departureGate as departur6_10_1_, flight1_.departureTerminal as departur7_10_1_, airplane2_.airplaneId as airplane1_2_2_, airplane2_.airline_airlineId as airline12_2_2_, airplane2_.airport_airportId as airport13_2_2_, airplane2_.currentRegistration as currentR2_2_2_, airplane2_.deliberyDate as delibery3_2_2_, airplane2_.engineModel as engineMo4_2_2_, airplane2_.hoursOfFlight as hoursOfF5_2_2_, airplane2_.lineNumber as lineNumb6_2_2_, airplane2_.name as name7_2_2_, airplane2_.numberOfFlights as numberOf8_2_2_, airplane2_.operatorOwner as operator9_2_2_, airplane2_.planePosition_planePositionId as planePo14_2_2_, airplane2_.serialNumb as serialN10_2_2_, airplane2_.status as status11_2_2_, airline3_.airlineId as airlineI1_0_3_, airline3_.description as descript2_0_3_, airline3_.name as name3_0_3_, airport4_.airportId as airportI1_4_4_, airport4_.name as name2_4_4_, planeposit5_.planePositionId as planePos1_12_5_, planeposit5_.description as descript2_12_5_, airport6_.airportId as airportI1_4_6_, airport6_.name as name2_4_6_, airport7_.airportId as airportI1_4_7_, airport7_.name as name2_4_7_ from booking flightlist0_ inner join Flight flight1_ on flightlist0_.flightId=flight1_.flightId left outer join Airplane airplane2_ on flight1_.airplane_airplaneId=airplane2_.airplaneId left outer join Airline airline3_ on airplane2_.airline_airlineId=airline3_.airlineId left outer join Airport airport4_ on airplane2_.airport_airportId=airport4_.airportId left outer join PlanePosition planeposit5_ on airplane2_.planePosition_planePositionId=planeposit5_.planePositionId left outer join Airport airport6_ on flight1_.arriveAirport_airportId=airport6_.airportId left outer join Airport airport7_ on flight1_.departAirport_airportId=airport7_.airportId where flightlist0_.passengerId=?
Hibernate: update Passanger set firstName='a', lastName1='a', lastName2='a', dni_passport='a', homeTlf='a', movileTlf='a', email='null', birthDate='Fri Jan 01 00:00:00 CET 2010', username='a', password='a' where passangerId=376
Hibernate: select passanger0_.passangerId as passange1_11_, passanger0_.birthDate as birthDat2_11_, passanger0_.direction_directionId as directi12_11_, passanger0_.dni_passport as dni_pass3_11_, passanger0_.email as email4_11_, passanger0_.firstName as firstNam5_11_, passanger0_.homeTlf as homeTlf6_11_, passanger0_.lastName1 as lastName7_11_, passanger0_.lastName2 as lastName8_11_, passanger0_.movileTlf as movileTl9_11_, passanger0_.password as passwor10_11_, passanger0_.username as usernam11_11_ from Passanger passanger0_ where passanger0_.password='ane95' and passanger0_.username='123'
Hibernate: select passanger0_.passangerId as passange1_11_, passanger0_.birthDate as birthDat2_11_, passanger0_.direction_directionId as directi12_11_, passanger0_.dni_passport as dni_pass3_11_, passanger0_.email as email4_11_, passanger0_.firstName as firstNam5_11_, passanger0_.homeTlf as homeTlf6_11_, passanger0_.lastName1 as lastName7_11_, passanger0_.lastName2 as lastName8_11_, passanger0_.movileTlf as movileTl9_11_, passanger0_.password as passwor10_11_, passanger0_.username as usernam11_11_ from Passanger passanger0_ where passanger0_.password='arizz' and passanger0_.username='arizz'
Hibernate: select airportcon0_.airportControllerId as airportC1_5_, airportcon0_.airport_airportId as airport12_5_, airportcon0_.birthDate as birthDat2_5_, airportcon0_.direction_directionId as directi13_5_, airportcon0_.dni_passport as dni_pass3_5_, airportcon0_.email as email4_5_, airportcon0_.firstName as firstNam5_5_, airportcon0_.homeTlf as homeTlf6_5_, airportcon0_.lastName1 as lastName7_5_, airportcon0_.lastName2 as lastName8_5_, airportcon0_.movileTlf as movileTl9_5_, airportcon0_.password as passwor10_5_, airportcon0_.username as usernam11_5_ from AirportController airportcon0_ where airportcon0_.password='arizz' and airportcon0_.username='arizz'
Hibernate: select airlineman0_.airlineManagerId as airlineM1_1_, airlineman0_.airline_airlineId as airline12_1_, airlineman0_.birthDate as birthDat2_1_, airlineman0_.direction_directionId as directi13_1_, airlineman0_.dni_passport as dni_pass3_1_, airlineman0_.email as email4_1_, airlineman0_.firstName as firstNam5_1_, airlineman0_.homeTlf as homeTlf6_1_, airlineman0_.lastName1 as lastName7_1_, airlineman0_.lastName2 as lastName8_1_, airlineman0_.movileTlf as movileTl9_1_, airlineman0_.password as passwor10_1_, airlineman0_.username as usernam11_1_ from AirlineManager airlineman0_ where airlineman0_.password='arizz' and airlineman0_.username='arizz'
Hibernate: select passanger0_.passangerId as passange1_11_, passanger0_.birthDate as birthDat2_11_, passanger0_.direction_directionId as directi12_11_, passanger0_.dni_passport as dni_pass3_11_, passanger0_.email as email4_11_, passanger0_.firstName as firstNam5_11_, passanger0_.homeTlf as homeTlf6_11_, passanger0_.lastName1 as lastName7_11_, passanger0_.lastName2 as lastName8_11_, passanger0_.movileTlf as movileTl9_11_, passanger0_.password as passwor10_11_, passanger0_.username as usernam11_11_ from Passanger passanger0_ where passanger0_.password='123' and passanger0_.username='jaure'
Hibernate: select direction0_.directionId as directio1_9_0_, direction0_.address as address2_9_0_, direction0_.city as city3_9_0_, direction0_.codPost as codPost4_9_0_, direction0_.state as state5_9_0_ from Direction direction0_ where direction0_.directionId=?
Hibernate: select flightlist0_.passengerId as passenge1_6_0_, flightlist0_.flightId as flightId2_6_0_, flight1_.flightId as flightId1_10_1_, flight1_.airplane_airplaneId as airplane8_10_1_, flight1_.arrivalDate as arrivalD2_10_1_, flight1_.arrivalGate as arrivalG3_10_1_, flight1_.arrivalTerminal as arrivalT4_10_1_, flight1_.arriveAirport_airportId as arriveAi9_10_1_, flight1_.departAirport_airportId as departA10_10_1_, flight1_.departureDate as departur5_10_1_, flight1_.departureGate as departur6_10_1_, flight1_.departureTerminal as departur7_10_1_, airplane2_.airplaneId as airplane1_2_2_, airplane2_.airline_airlineId as airline12_2_2_, airplane2_.airport_airportId as airport13_2_2_, airplane2_.currentRegistration as currentR2_2_2_, airplane2_.deliberyDate as delibery3_2_2_, airplane2_.engineModel as engineMo4_2_2_, airplane2_.hoursOfFlight as hoursOfF5_2_2_, airplane2_.lineNumber as lineNumb6_2_2_, airplane2_.name as name7_2_2_, airplane2_.numberOfFlights as numberOf8_2_2_, airplane2_.operatorOwner as operator9_2_2_, airplane2_.planePosition_planePositionId as planePo14_2_2_, airplane2_.serialNumb as serialN10_2_2_, airplane2_.status as status11_2_2_, airline3_.airlineId as airlineI1_0_3_, airline3_.description as descript2_0_3_, airline3_.name as name3_0_3_, airport4_.airportId as airportI1_4_4_, airport4_.name as name2_4_4_, planeposit5_.planePositionId as planePos1_12_5_, planeposit5_.description as descript2_12_5_, airport6_.airportId as airportI1_4_6_, airport6_.name as name2_4_6_, airport7_.airportId as airportI1_4_7_, airport7_.name as name2_4_7_ from booking flightlist0_ inner join Flight flight1_ on flightlist0_.flightId=flight1_.flightId left outer join Airplane airplane2_ on flight1_.airplane_airplaneId=airplane2_.airplaneId left outer join Airline airline3_ on airplane2_.airline_airlineId=airline3_.airlineId left outer join Airport airport4_ on airplane2_.airport_airportId=airport4_.airportId left outer join PlanePosition planeposit5_ on airplane2_.planePosition_planePositionId=planeposit5_.planePositionId left outer join Airport airport6_ on flight1_.arriveAirport_airportId=airport6_.airportId left outer join Airport airport7_ on flight1_.departAirport_airportId=airport7_.airportId where flightlist0_.passengerId=?
Hibernate: select passangerl0_.flightId as flightId2_6_0_, passangerl0_.passengerId as passenge1_6_0_, passanger1_.passangerId as passange1_11_1_, passanger1_.birthDate as birthDat2_11_1_, passanger1_.direction_directionId as directi12_11_1_, passanger1_.dni_passport as dni_pass3_11_1_, passanger1_.email as email4_11_1_, passanger1_.firstName as firstNam5_11_1_, passanger1_.homeTlf as homeTlf6_11_1_, passanger1_.lastName1 as lastName7_11_1_, passanger1_.lastName2 as lastName8_11_1_, passanger1_.movileTlf as movileTl9_11_1_, passanger1_.password as passwor10_11_1_, passanger1_.username as usernam11_11_1_, direction2_.directionId as directio1_9_2_, direction2_.address as address2_9_2_, direction2_.city as city3_9_2_, direction2_.codPost as codPost4_9_2_, direction2_.state as state5_9_2_ from booking passangerl0_ inner join Passanger passanger1_ on passangerl0_.passengerId=passanger1_.passangerId left outer join Direction direction2_ on passanger1_.direction_directionId=direction2_.directionId where passangerl0_.flightId=?
Hibernate: select airportcon0_.airportControllerId as airportC1_5_, airportcon0_.airport_airportId as airport12_5_, airportcon0_.birthDate as birthDat2_5_, airportcon0_.direction_directionId as directi13_5_, airportcon0_.dni_passport as dni_pass3_5_, airportcon0_.email as email4_5_, airportcon0_.firstName as firstNam5_5_, airportcon0_.homeTlf as homeTlf6_5_, airportcon0_.lastName1 as lastName7_5_, airportcon0_.lastName2 as lastName8_5_, airportcon0_.movileTlf as movileTl9_5_, airportcon0_.password as passwor10_5_, airportcon0_.username as usernam11_5_ from AirportController airportcon0_ where airportcon0_.password='123' and airportcon0_.username='jaure'
Hibernate: select airlineman0_.airlineManagerId as airlineM1_1_, airlineman0_.airline_airlineId as airline12_1_, airlineman0_.birthDate as birthDat2_1_, airlineman0_.direction_directionId as directi13_1_, airlineman0_.dni_passport as dni_pass3_1_, airlineman0_.email as email4_1_, airlineman0_.firstName as firstNam5_1_, airlineman0_.homeTlf as homeTlf6_1_, airlineman0_.lastName1 as lastName7_1_, airlineman0_.lastName2 as lastName8_1_, airlineman0_.movileTlf as movileTl9_1_, airlineman0_.password as passwor10_1_, airlineman0_.username as usernam11_1_ from AirlineManager airlineman0_ where airlineman0_.password='123' and airlineman0_.username='jaure'
Hibernate: select passanger0_.passangerId as passange1_11_, passanger0_.birthDate as birthDat2_11_, passanger0_.direction_directionId as directi12_11_, passanger0_.dni_passport as dni_pass3_11_, passanger0_.email as email4_11_, passanger0_.firstName as firstNam5_11_, passanger0_.homeTlf as homeTlf6_11_, passanger0_.lastName1 as lastName7_11_, passanger0_.lastName2 as lastName8_11_, passanger0_.movileTlf as movileTl9_11_, passanger0_.password as passwor10_11_, passanger0_.username as usernam11_11_ from Passanger passanger0_ where passanger0_.password='123' and passanger0_.username='irati'
Hibernate: select airportcon0_.airportControllerId as airportC1_5_, airportcon0_.airport_airportId as airport12_5_, airportcon0_.birthDate as birthDat2_5_, airportcon0_.direction_directionId as directi13_5_, airportcon0_.dni_passport as dni_pass3_5_, airportcon0_.email as email4_5_, airportcon0_.firstName as firstNam5_5_, airportcon0_.homeTlf as homeTlf6_5_, airportcon0_.lastName1 as lastName7_5_, airportcon0_.lastName2 as lastName8_5_, airportcon0_.movileTlf as movileTl9_5_, airportcon0_.password as passwor10_5_, airportcon0_.username as usernam11_5_ from AirportController airportcon0_ where airportcon0_.password='123' and airportcon0_.username='irati'
Hibernate: select airport0_.airportId as airportI1_4_0_, airport0_.name as name2_4_0_ from Airport airport0_ where airport0_.airportId=?
Hibernate: select direction0_.directionId as directio1_9_0_, direction0_.address as address2_9_0_, direction0_.city as city3_9_0_, direction0_.codPost as codPost4_9_0_, direction0_.state as state5_9_0_ from Direction direction0_ where direction0_.directionId=?
Hibernate: select airlineman0_.airlineManagerId as airlineM1_1_, airlineman0_.airline_airlineId as airline12_1_, airlineman0_.birthDate as birthDat2_1_, airlineman0_.direction_directionId as directi13_1_, airlineman0_.dni_passport as dni_pass3_1_, airlineman0_.email as email4_1_, airlineman0_.firstName as firstNam5_1_, airlineman0_.homeTlf as homeTlf6_1_, airlineman0_.lastName1 as lastName7_1_, airlineman0_.lastName2 as lastName8_1_, airlineman0_.movileTlf as movileTl9_1_, airlineman0_.password as passwor10_1_, airlineman0_.username as usernam11_1_ from AirlineManager airlineman0_ where airlineman0_.password='123' and airlineman0_.username='irati'
Hibernate: select flight0_.flightId as flightId1_10_, flight0_.airplane_airplaneId as airplane8_10_, flight0_.arrivalDate as arrivalD2_10_, flight0_.arrivalGate as arrivalG3_10_, flight0_.arrivalTerminal as arrivalT4_10_, flight0_.arriveAirport_airportId as arriveAi9_10_, flight0_.departAirport_airportId as departA10_10_, flight0_.departureDate as departur5_10_, flight0_.departureGate as departur6_10_, flight0_.departureTerminal as departur7_10_ from Flight flight0_
Hibernate: select airplane0_.airplaneId as airplane1_2_0_, airplane0_.airline_airlineId as airline12_2_0_, airplane0_.airport_airportId as airport13_2_0_, airplane0_.currentRegistration as currentR2_2_0_, airplane0_.deliberyDate as delibery3_2_0_, airplane0_.engineModel as engineMo4_2_0_, airplane0_.hoursOfFlight as hoursOfF5_2_0_, airplane0_.lineNumber as lineNumb6_2_0_, airplane0_.name as name7_2_0_, airplane0_.numberOfFlights as numberOf8_2_0_, airplane0_.operatorOwner as operator9_2_0_, airplane0_.planePosition_planePositionId as planePo14_2_0_, airplane0_.serialNumb as serialN10_2_0_, airplane0_.status as status11_2_0_, airline1_.airlineId as airlineI1_0_1_, airline1_.description as descript2_0_1_, airline1_.name as name3_0_1_, airport2_.airportId as airportI1_4_2_, airport2_.name as name2_4_2_, planeposit3_.planePositionId as planePos1_12_3_, planeposit3_.description as descript2_12_3_ from Airplane airplane0_ left outer join Airline airline1_ on airplane0_.airline_airlineId=airline1_.airlineId left outer join Airport airport2_ on airplane0_.airport_airportId=airport2_.airportId left outer join PlanePosition planeposit3_ on airplane0_.planePosition_planePositionId=planeposit3_.planePositionId where airplane0_.airplaneId=?
Hibernate: select airport0_.airportId as airportI1_4_0_, airport0_.name as name2_4_0_ from Airport airport0_ where airport0_.airportId=?
Hibernate: select passangerl0_.flightId as flightId2_6_0_, passangerl0_.passengerId as passenge1_6_0_, passanger1_.passangerId as passange1_11_1_, passanger1_.birthDate as birthDat2_11_1_, passanger1_.direction_directionId as directi12_11_1_, passanger1_.dni_passport as dni_pass3_11_1_, passanger1_.email as email4_11_1_, passanger1_.firstName as firstNam5_11_1_, passanger1_.homeTlf as homeTlf6_11_1_, passanger1_.lastName1 as lastName7_11_1_, passanger1_.lastName2 as lastName8_11_1_, passanger1_.movileTlf as movileTl9_11_1_, passanger1_.password as passwor10_11_1_, passanger1_.username as usernam11_11_1_, direction2_.directionId as directio1_9_2_, direction2_.address as address2_9_2_, direction2_.city as city3_9_2_, direction2_.codPost as codPost4_9_2_, direction2_.state as state5_9_2_ from booking passangerl0_ inner join Passanger passanger1_ on passangerl0_.passengerId=passanger1_.passangerId left outer join Direction direction2_ on passanger1_.direction_directionId=direction2_.directionId where passangerl0_.flightId=?
Hibernate: select passangerl0_.flightId as flightId2_6_0_, passangerl0_.passengerId as passenge1_6_0_, passanger1_.passangerId as passange1_11_1_, passanger1_.birthDate as birthDat2_11_1_, passanger1_.direction_directionId as directi12_11_1_, passanger1_.dni_passport as dni_pass3_11_1_, passanger1_.email as email4_11_1_, passanger1_.firstName as firstNam5_11_1_, passanger1_.homeTlf as homeTlf6_11_1_, passanger1_.lastName1 as lastName7_11_1_, passanger1_.lastName2 as lastName8_11_1_, passanger1_.movileTlf as movileTl9_11_1_, passanger1_.password as passwor10_11_1_, passanger1_.username as usernam11_11_1_, direction2_.directionId as directio1_9_2_, direction2_.address as address2_9_2_, direction2_.city as city3_9_2_, direction2_.codPost as codPost4_9_2_, direction2_.state as state5_9_2_ from booking passangerl0_ inner join Passanger passanger1_ on passangerl0_.passengerId=passanger1_.passangerId left outer join Direction direction2_ on passanger1_.direction_directionId=direction2_.directionId where passangerl0_.flightId=?
Hibernate: select passangerl0_.flightId as flightId2_6_0_, passangerl0_.passengerId as passenge1_6_0_, passanger1_.passangerId as passange1_11_1_, passanger1_.birthDate as birthDat2_11_1_, passanger1_.direction_directionId as directi12_11_1_, passanger1_.dni_passport as dni_pass3_11_1_, passanger1_.email as email4_11_1_, passanger1_.firstName as firstNam5_11_1_, passanger1_.homeTlf as homeTlf6_11_1_, passanger1_.lastName1 as lastName7_11_1_, passanger1_.lastName2 as lastName8_11_1_, passanger1_.movileTlf as movileTl9_11_1_, passanger1_.password as passwor10_11_1_, passanger1_.username as usernam11_11_1_, direction2_.directionId as directio1_9_2_, direction2_.address as address2_9_2_, direction2_.city as city3_9_2_, direction2_.codPost as codPost4_9_2_, direction2_.state as state5_9_2_ from booking passangerl0_ inner join Passanger passanger1_ on passangerl0_.passengerId=passanger1_.passangerId left outer join Direction direction2_ on passanger1_.direction_directionId=direction2_.directionId where passangerl0_.flightId=?
Hibernate: select passangerl0_.flightId as flightId2_6_0_, passangerl0_.passengerId as passenge1_6_0_, passanger1_.passangerId as passange1_11_1_, passanger1_.birthDate as birthDat2_11_1_, passanger1_.direction_directionId as directi12_11_1_, passanger1_.dni_passport as dni_pass3_11_1_, passanger1_.email as email4_11_1_, passanger1_.firstName as firstNam5_11_1_, passanger1_.homeTlf as homeTlf6_11_1_, passanger1_.lastName1 as lastName7_11_1_, passanger1_.lastName2 as lastName8_11_1_, passanger1_.movileTlf as movileTl9_11_1_, passanger1_.password as passwor10_11_1_, passanger1_.username as usernam11_11_1_, direction2_.directionId as directio1_9_2_, direction2_.address as address2_9_2_, direction2_.city as city3_9_2_, direction2_.codPost as codPost4_9_2_, direction2_.state as state5_9_2_ from booking passangerl0_ inner join Passanger passanger1_ on passangerl0_.passengerId=passanger1_.passangerId left outer join Direction direction2_ on passanger1_.direction_directionId=direction2_.directionId where passangerl0_.flightId=?
Hibernate: select passangerl0_.flightId as flightId2_6_0_, passangerl0_.passengerId as passenge1_6_0_, passanger1_.passangerId as passange1_11_1_, passanger1_.birthDate as birthDat2_11_1_, passanger1_.direction_directionId as directi12_11_1_, passanger1_.dni_passport as dni_pass3_11_1_, passanger1_.email as email4_11_1_, passanger1_.firstName as firstNam5_11_1_, passanger1_.homeTlf as homeTlf6_11_1_, passanger1_.lastName1 as lastName7_11_1_, passanger1_.lastName2 as lastName8_11_1_, passanger1_.movileTlf as movileTl9_11_1_, passanger1_.password as passwor10_11_1_, passanger1_.username as usernam11_11_1_, direction2_.directionId as directio1_9_2_, direction2_.address as address2_9_2_, direction2_.city as city3_9_2_, direction2_.codPost as codPost4_9_2_, direction2_.state as state5_9_2_ from booking passangerl0_ inner join Passanger passanger1_ on passangerl0_.passengerId=passanger1_.passangerId left outer join Direction direction2_ on passanger1_.direction_directionId=direction2_.directionId where passangerl0_.flightId=?
Hibernate: select flightlist0_.passengerId as passenge1_6_0_, flightlist0_.flightId as flightId2_6_0_, flight1_.flightId as flightId1_10_1_, flight1_.airplane_airplaneId as airplane8_10_1_, flight1_.arrivalDate as arrivalD2_10_1_, flight1_.arrivalGate as arrivalG3_10_1_, flight1_.arrivalTerminal as arrivalT4_10_1_, flight1_.arriveAirport_airportId as arriveAi9_10_1_, flight1_.departAirport_airportId as departA10_10_1_, flight1_.departureDate as departur5_10_1_, flight1_.departureGate as departur6_10_1_, flight1_.departureTerminal as departur7_10_1_, airplane2_.airplaneId as airplane1_2_2_, airplane2_.airline_airlineId as airline12_2_2_, airplane2_.airport_airportId as airport13_2_2_, airplane2_.currentRegistration as currentR2_2_2_, airplane2_.deliberyDate as delibery3_2_2_, airplane2_.engineModel as engineMo4_2_2_, airplane2_.hoursOfFlight as hoursOfF5_2_2_, airplane2_.lineNumber as lineNumb6_2_2_, airplane2_.name as name7_2_2_, airplane2_.numberOfFlights as numberOf8_2_2_, airplane2_.operatorOwner as operator9_2_2_, airplane2_.planePosition_planePositionId as planePo14_2_2_, airplane2_.serialNumb as serialN10_2_2_, airplane2_.status as status11_2_2_, airline3_.airlineId as airlineI1_0_3_, airline3_.description as descript2_0_3_, airline3_.name as name3_0_3_, airport4_.airportId as airportI1_4_4_, airport4_.name as name2_4_4_, planeposit5_.planePositionId as planePos1_12_5_, planeposit5_.description as descript2_12_5_, airport6_.airportId as airportI1_4_6_, airport6_.name as name2_4_6_, airport7_.airportId as airportI1_4_7_, airport7_.name as name2_4_7_ from booking flightlist0_ inner join Flight flight1_ on flightlist0_.flightId=flight1_.flightId left outer join Airplane airplane2_ on flight1_.airplane_airplaneId=airplane2_.airplaneId left outer join Airline airline3_ on airplane2_.airline_airlineId=airline3_.airlineId left outer join Airport airport4_ on airplane2_.airport_airportId=airport4_.airportId left outer join PlanePosition planeposit5_ on airplane2_.planePosition_planePositionId=planeposit5_.planePositionId left outer join Airport airport6_ on flight1_.arriveAirport_airportId=airport6_.airportId left outer join Airport airport7_ on flight1_.departAirport_airportId=airport7_.airportId where flightlist0_.passengerId=?
Hibernate: select flight0_.flightId as flightId1_10_, flight0_.airplane_airplaneId as airplane8_10_, flight0_.arrivalDate as arrivalD2_10_, flight0_.arrivalGate as arrivalG3_10_, flight0_.arrivalTerminal as arrivalT4_10_, flight0_.arriveAirport_airportId as arriveAi9_10_, flight0_.departAirport_airportId as departA10_10_, flight0_.departureDate as departur5_10_, flight0_.departureGate as departur6_10_, flight0_.departureTerminal as departur7_10_ from Flight flight0_
Hibernate: select airplane0_.airplaneId as airplane1_2_0_, airplane0_.airline_airlineId as airline12_2_0_, airplane0_.airport_airportId as airport13_2_0_, airplane0_.currentRegistration as currentR2_2_0_, airplane0_.deliberyDate as delibery3_2_0_, airplane0_.engineModel as engineMo4_2_0_, airplane0_.hoursOfFlight as hoursOfF5_2_0_, airplane0_.lineNumber as lineNumb6_2_0_, airplane0_.name as name7_2_0_, airplane0_.numberOfFlights as numberOf8_2_0_, airplane0_.operatorOwner as operator9_2_0_, airplane0_.planePosition_planePositionId as planePo14_2_0_, airplane0_.serialNumb as serialN10_2_0_, airplane0_.status as status11_2_0_, airline1_.airlineId as airlineI1_0_1_, airline1_.description as descript2_0_1_, airline1_.name as name3_0_1_, airport2_.airportId as airportI1_4_2_, airport2_.name as name2_4_2_, planeposit3_.planePositionId as planePos1_12_3_, planeposit3_.description as descript2_12_3_ from Airplane airplane0_ left outer join Airline airline1_ on airplane0_.airline_airlineId=airline1_.airlineId left outer join Airport airport2_ on airplane0_.airport_airportId=airport2_.airportId left outer join PlanePosition planeposit3_ on airplane0_.planePosition_planePositionId=planeposit3_.planePositionId where airplane0_.airplaneId=?
Hibernate: select airport0_.airportId as airportI1_4_0_, airport0_.name as name2_4_0_ from Airport airport0_ where airport0_.airportId=?
Hibernate: select passangerl0_.flightId as flightId2_6_0_, passangerl0_.passengerId as passenge1_6_0_, passanger1_.passangerId as passange1_11_1_, passanger1_.birthDate as birthDat2_11_1_, passanger1_.direction_directionId as directi12_11_1_, passanger1_.dni_passport as dni_pass3_11_1_, passanger1_.email as email4_11_1_, passanger1_.firstName as firstNam5_11_1_, passanger1_.homeTlf as homeTlf6_11_1_, passanger1_.lastName1 as lastName7_11_1_, passanger1_.lastName2 as lastName8_11_1_, passanger1_.movileTlf as movileTl9_11_1_, passanger1_.password as passwor10_11_1_, passanger1_.username as usernam11_11_1_, direction2_.directionId as directio1_9_2_, direction2_.address as address2_9_2_, direction2_.city as city3_9_2_, direction2_.codPost as codPost4_9_2_, direction2_.state as state5_9_2_ from booking passangerl0_ inner join Passanger passanger1_ on passangerl0_.passengerId=passanger1_.passangerId left outer join Direction direction2_ on passanger1_.direction_directionId=direction2_.directionId where passangerl0_.flightId=?
Hibernate: select passangerl0_.flightId as flightId2_6_0_, passangerl0_.passengerId as passenge1_6_0_, passanger1_.passangerId as passange1_11_1_, passanger1_.birthDate as birthDat2_11_1_, passanger1_.direction_directionId as directi12_11_1_, passanger1_.dni_passport as dni_pass3_11_1_, passanger1_.email as email4_11_1_, passanger1_.firstName as firstNam5_11_1_, passanger1_.homeTlf as homeTlf6_11_1_, passanger1_.lastName1 as lastName7_11_1_, passanger1_.lastName2 as lastName8_11_1_, passanger1_.movileTlf as movileTl9_11_1_, passanger1_.password as passwor10_11_1_, passanger1_.username as usernam11_11_1_, direction2_.directionId as directio1_9_2_, direction2_.address as address2_9_2_, direction2_.city as city3_9_2_, direction2_.codPost as codPost4_9_2_, direction2_.state as state5_9_2_ from booking passangerl0_ inner join Passanger passanger1_ on passangerl0_.passengerId=passanger1_.passangerId left outer join Direction direction2_ on passanger1_.direction_directionId=direction2_.directionId where passangerl0_.flightId=?
Hibernate: select passangerl0_.flightId as flightId2_6_0_, passangerl0_.passengerId as passenge1_6_0_, passanger1_.passangerId as passange1_11_1_, passanger1_.birthDate as birthDat2_11_1_, passanger1_.direction_directionId as directi12_11_1_, passanger1_.dni_passport as dni_pass3_11_1_, passanger1_.email as email4_11_1_, passanger1_.firstName as firstNam5_11_1_, passanger1_.homeTlf as homeTlf6_11_1_, passanger1_.lastName1 as lastName7_11_1_, passanger1_.lastName2 as lastName8_11_1_, passanger1_.movileTlf as movileTl9_11_1_, passanger1_.password as passwor10_11_1_, passanger1_.username as usernam11_11_1_, direction2_.directionId as directio1_9_2_, direction2_.address as address2_9_2_, direction2_.city as city3_9_2_, direction2_.codPost as codPost4_9_2_, direction2_.state as state5_9_2_ from booking passangerl0_ inner join Passanger passanger1_ on passangerl0_.passengerId=passanger1_.passangerId left outer join Direction direction2_ on passanger1_.direction_directionId=direction2_.directionId where passangerl0_.flightId=?
Hibernate: select passangerl0_.flightId as flightId2_6_0_, passangerl0_.passengerId as passenge1_6_0_, passanger1_.passangerId as passange1_11_1_, passanger1_.birthDate as birthDat2_11_1_, passanger1_.direction_directionId as directi12_11_1_, passanger1_.dni_passport as dni_pass3_11_1_, passanger1_.email as email4_11_1_, passanger1_.firstName as firstNam5_11_1_, passanger1_.homeTlf as homeTlf6_11_1_, passanger1_.lastName1 as lastName7_11_1_, passanger1_.lastName2 as lastName8_11_1_, passanger1_.movileTlf as movileTl9_11_1_, passanger1_.password as passwor10_11_1_, passanger1_.username as usernam11_11_1_, direction2_.directionId as directio1_9_2_, direction2_.address as address2_9_2_, direction2_.city as city3_9_2_, direction2_.codPost as codPost4_9_2_, direction2_.state as state5_9_2_ from booking passangerl0_ inner join Passanger passanger1_ on passangerl0_.passengerId=passanger1_.passangerId left outer join Direction direction2_ on passanger1_.direction_directionId=direction2_.directionId where passangerl0_.flightId=?
Hibernate: select passangerl0_.flightId as flightId2_6_0_, passangerl0_.passengerId as passenge1_6_0_, passanger1_.passangerId as passange1_11_1_, passanger1_.birthDate as birthDat2_11_1_, passanger1_.direction_directionId as directi12_11_1_, passanger1_.dni_passport as dni_pass3_11_1_, passanger1_.email as email4_11_1_, passanger1_.firstName as firstNam5_11_1_, passanger1_.homeTlf as homeTlf6_11_1_, passanger1_.lastName1 as lastName7_11_1_, passanger1_.lastName2 as lastName8_11_1_, passanger1_.movileTlf as movileTl9_11_1_, passanger1_.password as passwor10_11_1_, passanger1_.username as usernam11_11_1_, direction2_.directionId as directio1_9_2_, direction2_.address as address2_9_2_, direction2_.city as city3_9_2_, direction2_.codPost as codPost4_9_2_, direction2_.state as state5_9_2_ from booking passangerl0_ inner join Passanger passanger1_ on passangerl0_.passengerId=passanger1_.passangerId left outer join Direction direction2_ on passanger1_.direction_directionId=direction2_.directionId where passangerl0_.flightId=?
[...]
INFO: HHH10001008: Cleaning up connection pool [jdbc:postgresql://localhost:5432/heathrow_airport]
ene 17, 2017 11:54:34 AM org.hibernate.engine.jdbc.connections.internal.DriverManagerConnectionProviderImpl configure
WARN: HHH10001002: Using Hibernate built-in connection pool (not for production use!)
ene 17, 2017 11:54:34 AM org.hibernate.engine.jdbc.connections.internal.DriverManagerConnectionProviderImpl buildCreator
INFO: HHH10001005: using driver [org.postgresql.Driver] at URL [jdbc:postgresql://localhost:5432/heathrow_airport]
ene 17, 2017 11:54:34 AM org.hibernate.engine.jdbc.connections.internal.DriverManagerConnectionProviderImpl buildCreator
INFO: HHH10001001: Connection properties: {user=postgres, password=****}
ene 17, 2017 11:54:34 AM org.hibernate.engine.jdbc.connections.internal.DriverManagerConnectionProviderImpl buildCreator
INFO: HHH10001003: Autocommit mode: false
ene 17, 2017 11:54:34 AM org.hibernate.engine.jdbc.connections.internal.PooledConnections <init>
INFO: HHH000115: Hibernate connection pool size: 10 (min=1)
ene 17, 2017 11:54:34 AM org.hibernate.dialect.Dialect <init>
INFO: HHH000400: Using dialect: org.hibernate.dialect.PostgreSQLDialect
ene 17, 2017 11:54:34 AM org.hibernate.engine.jdbc.env.internal.LobCreatorBuilderImpl useContextualLobCreation
INFO: HHH000424: Disabling contextual LOB creation as createClob() method threw error : java.lang.reflect.InvocationTargetException
ene 17, 2017 11:54:34 AM org.hibernate.type.BasicTypeRegistry register
INFO: HHH000270: Type registration [java.util.UUID] overrides previous : org.hibernate.type.UUIDBinaryType@29a5f4e7
ene 17, 2017 11:54:34 AM org.hibernate.resource.transaction.backend.jdbc.internal.DdlTransactionIsolatorNonJtaImpl getIsolatedConnection
INFO: HHH10001501: Connection obtained from JdbcConnectionAccess [org.hibernate.engine.jdbc.env.internal.JdbcEnvironmentInitiator$ConnectionProviderJdbcConnectionAccess@2e3e663] for (non-JTA) DDL execution was not in auto-commit mode; the Connection 'local transaction' will be committed and the Connection will be set into auto-commit mode.
ene 17, 2017 11:54:35 AM org.hibernate.hql.internal.QueryTranslatorFactoryInitiator initiateService
INFO: HHH000397: Using ASTQueryTranslatorFactory
ene 17, 2017 11:54:35 AM org.hibernate.engine.jdbc.connections.internal.DriverManagerConnectionProviderImpl stop
INFO: HHH10001008: Cleaning up connection pool [jdbc:postgresql://localhost:5432/heathrow_airport]
ene 17, 2017 11:54:35 AM org.hibernate.engine.jdbc.connections.internal.DriverManagerConnectionProviderImpl configure
WARN: HHH10001002: Using Hibernate built-in connection pool (not for production use!)
ene 17, 2017 11:54:35 AM org.hibernate.engine.jdbc.connections.internal.DriverManagerConnectionProviderImpl buildCreator
INFO: HHH10001005: using driver [org.postgresql.Driver] at URL [jdbc:postgresql://localhost:5432/heathrow_airport]
ene 17, 2017 11:54:35 AM org.hibernate.engine.jdbc.connections.internal.DriverManagerConnectionProviderImpl buildCreator
INFO: HHH10001001: Connection properties: {user=postgres, password=****}
ene 17, 2017 11:54:35 AM org.hibernate.engine.jdbc.connections.internal.DriverManagerConnectionProviderImpl buildCreator
INFO: HHH10001003: Autocommit mode: false
ene 17, 2017 11:54:35 AM org.hibernate.engine.jdbc.connections.internal.PooledConnections <init>
INFO: HHH000115: Hibernate connection pool size: 10 (min=1)
ene 17, 2017 11:54:35 AM org.hibernate.dialect.Dialect <init>
INFO: HHH000400: Using dialect: org.hibernate.dialect.PostgreSQLDialect
ene 17, 2017 11:54:35 AM org.hibernate.engine.jdbc.env.internal.LobCreatorBuilderImpl useContextualLobCreation
INFO: HHH000424: Disabling contextual LOB creation as createClob() method threw error : java.lang.reflect.InvocationTargetException
ene 17, 2017 11:54:35 AM org.hibernate.type.BasicTypeRegistry register
INFO: HHH000270: Type registration [java.util.UUID] overrides previous : org.hibernate.type.UUIDBinaryType@29a5f4e7
ene 17, 2017 11:54:35 AM org.hibernate.resource.transaction.backend.jdbc.internal.DdlTransactionIsolatorNonJtaImpl getIsolatedConnection
INFO: HHH10001501: Connection obtained from JdbcConnectionAccess [org.hibernate.engine.jdbc.env.internal.JdbcEnvironmentInitiator$ConnectionProviderJdbcConnectionAccess@3a87209c] for (non-JTA) DDL execution was not in auto-commit mode; the Connection 'local transaction' will be committed and the Connection will be set into auto-commit mode.
ene 17, 2017 11:54:35 AM org.hibernate.hql.internal.QueryTranslatorFactoryInitiator initiateService
INFO: HHH000397: Using ASTQueryTranslatorFactory
ene 17, 2017 11:54:35 AM org.hibernate.engine.jdbc.connections.internal.DriverManagerConnectionProviderImpl stop
INFO: HHH10001008: Cleaning up connection pool [jdbc:postgresql://localhost:5432/heathrow_airport]
ene 17, 2017 11:54:35 AM org.hibernate.engine.jdbc.connections.internal.DriverManagerConnectionProviderImpl configure
WARN: HHH10001002: Using Hibernate built-in connection pool (not for production use!)
ene 17, 2017 11:54:35 AM org.hibernate.engine.jdbc.connections.internal.DriverManagerConnectionProviderImpl buildCreator
INFO: HHH10001005: using driver [org.postgresql.Driver] at URL [jdbc:postgresql://localhost:5432/heathrow_airport]
ene 17, 2017 11:54:35 AM org.hibernate.engine.jdbc.connections.internal.DriverManagerConnectionProviderImpl buildCreator
INFO: HHH10001001: Connection properties: {user=postgres, password=****}
ene 17, 2017 11:54:35 AM org.hibernate.engine.jdbc.connections.internal.DriverManagerConnectionProviderImpl buildCreator
INFO: HHH10001003: Autocommit mode: false
ene 17, 2017 11:54:35 AM org.hibernate.engine.jdbc.connections.internal.PooledConnections <init>
INFO: HHH000115: Hibernate connection pool size: 10 (min=1)
ene 17, 2017 11:54:35 AM org.hibernate.dialect.Dialect <init>
INFO: HHH000400: Using dialect: org.hibernate.dialect.PostgreSQLDialect
ene 17, 2017 11:54:35 AM org.hibernate.engine.jdbc.env.internal.LobCreatorBuilderImpl useContextualLobCreation
INFO: HHH000424: Disabling contextual LOB creation as createClob() method threw error : java.lang.reflect.InvocationTargetException
ene 17, 2017 11:54:35 AM org.hibernate.type.BasicTypeRegistry register
INFO: HHH000270: Type registration [java.util.UUID] overrides previous : org.hibernate.type.UUIDBinaryType@29a5f4e7
ene 17, 2017 11:54:35 AM org.hibernate.resource.transaction.backend.jdbc.internal.DdlTransactionIsolatorNonJtaImpl getIsolatedConnection
INFO: HHH10001501: Connection obtained from JdbcConnectionAccess [org.hibernate.engine.jdbc.env.internal.JdbcEnvironmentInitiator$ConnectionProviderJdbcConnectionAccess@3bbc9c90] for (non-JTA) DDL execution was not in auto-commit mode; the Connection 'local transaction' will be committed and the Connection will be set into auto-commit mode.
ene 17, 2017 11:54:35 AM org.hibernate.hql.internal.QueryTranslatorFactoryInitiator initiateService
INFO: HHH000397: Using ASTQueryTranslatorFactory
ene 17, 2017 11:54:35 AM org.hibernate.engine.jdbc.connections.internal.DriverManagerConnectionProviderImpl stop
INFO: HHH10001008: Cleaning up connection pool [jdbc:postgresql://localhost:5432/heathrow_airport]
ene 17, 2017 11:54:35 AM org.hibernate.engine.jdbc.connections.internal.DriverManagerConnectionProviderImpl configure
WARN: HHH10001002: Using Hibernate built-in connection pool (not for production use!)
ene 17, 2017 11:54:35 AM org.hibernate.engine.jdbc.connections.internal.DriverManagerConnectionProviderImpl buildCreator
INFO: HHH10001005: using driver [org.postgresql.Driver] at URL [jdbc:postgresql://localhost:5432/heathrow_airport]
ene 17, 2017 11:54:35 AM org.hibernate.engine.jdbc.connections.internal.DriverManagerConnectionProviderImpl buildCreator
INFO: HHH10001001: Connection properties: {user=postgres, password=****}
ene 17, 2017 11:54:35 AM org.hibernate.engine.jdbc.connections.internal.DriverManagerConnectionProviderImpl buildCreator
INFO: HHH10001003: Autocommit mode: false
ene 17, 2017 11:54:35 AM org.hibernate.engine.jdbc.connections.internal.PooledConnections <init>
INFO: HHH000115: Hibernate connection pool size: 10 (min=1)
ene 17, 2017 11:54:35 AM org.hibernate.dialect.Dialect <init>
INFO: HHH000400: Using dialect: org.hibernate.dialect.PostgreSQLDialect
ene 17, 2017 11:54:35 AM org.hibernate.engine.jdbc.env.internal.LobCreatorBuilderImpl useContextualLobCreation
INFO: HHH000424: Disabling contextual LOB creation as createClob() method threw error : java.lang.reflect.InvocationTargetException
ene 17, 2017 11:54:35 AM org.hibernate.type.BasicTypeRegistry register
INFO: HHH000270: Type registration [java.util.UUID] overrides previous : org.hibernate.type.UUIDBinaryType@29a5f4e7
ene 17, 2017 11:54:35 AM org.hibernate.resource.transaction.backend.jdbc.internal.DdlTransactionIsolatorNonJtaImpl getIsolatedConnection
INFO: HHH10001501: Connection obtained from JdbcConnectionAccess [org.hibernate.engine.jdbc.env.internal.JdbcEnvironmentInitiator$ConnectionProviderJdbcConnectionAccess@17862b3] for (non-JTA) DDL execution was not in auto-commit mode; the Connection 'local transaction' will be committed and the Connection will be set into auto-commit mode.
ene 17, 2017 11:54:36 AM org.hibernate.hql.internal.QueryTranslatorFactoryInitiator initiateService
INFO: HHH000397: Using ASTQueryTranslatorFactory
ene 17, 2017 11:54:36 AM org.hibernate.engine.jdbc.connections.internal.DriverManagerConnectionProviderImpl stop
INFO: HHH10001008: Cleaning up connection pool [jdbc:postgresql://localhost:5432/heathrow_airport]
java.lang.reflect.InvocationTargetException
	at sun.reflect.NativeMethodAccessorImpl.invoke0(Native Method)
	at sun.reflect.NativeMethodAccessorImpl.invoke(Unknown Source)
	at sun.reflect.DelegatingMethodAccessorImpl.invoke(Unknown Source)
	at java.lang.reflect.Method.invoke(Unknown Source)
	at passengerMenu.TestMyProfileSaveChangesAction.testIfTheAtributeIsFilled(TestMyProfileSaveChangesAction.java:78)
	at sun.reflect.NativeMethodAccessorImpl.invoke0(Native Method)
	at sun.reflect.NativeMethodAccessorImpl.invoke(Unknown Source)
	at sun.reflect.DelegatingMethodAccessorImpl.invoke(Unknown Source)
	at java.lang.reflect.Method.invoke(Unknown Source)
	at org.junit.runners.model.FrameworkMethod$1.runReflectiveCall(FrameworkMethod.java:50)
	at org.junit.internal.runners.model.ReflectiveCallable.run(ReflectiveCallable.java:12)
	at org.junit.runners.model.FrameworkMethod.invokeExplosively(FrameworkMethod.java:47)
	at org.junit.internal.runners.statements.InvokeMethod.evaluate(InvokeMethod.java:17)
	at org.junit.internal.runners.statements.RunBefores.evaluate(RunBefores.java:26)
	at org.junit.internal.runners.statements.RunAfters.evaluate(RunAfters.java:27)
	at org.junit.runners.ParentRunner.runLeaf(ParentRunner.java:325)
	at org.junit.runners.BlockJUnit4ClassRunner.runChild(BlockJUnit4ClassRunner.java:78)
	at org.junit.runners.BlockJUnit4ClassRunner.runChild(BlockJUnit4ClassRunner.java:57)
	at org.junit.runners.ParentRunner$3.run(ParentRunner.java:290)
	at org.junit.runners.ParentRunner$1.schedule(ParentRunner.java:71)
	at org.junit.runners.ParentRunner.runChildren(ParentRunner.java:288)
	at org.junit.runners.ParentRunner.access$000(ParentRunner.java:58)
	at org.junit.runners.ParentRunner$2.evaluate(ParentRunner.java:268)
	at org.junit.runners.ParentRunner.run(ParentRunner.java:363)
	at org.junit.runners.Suite.runChild(Suite.java:128)
	at org.junit.runners.Suite.runChild(Suite.java:27)
	at org.junit.runners.ParentRunner$3.run(ParentRunner.java:290)
	at org.junit.runners.ParentRunner$1.schedule(ParentRunner.java:71)
	at org.junit.runners.ParentRunner.runChildren(ParentRunner.java:288)
	at org.junit.runners.ParentRunner.access$000(ParentRunner.java:58)
	at org.junit.runners.ParentRunner$2.evaluate(ParentRunner.java:268)
	at org.junit.runners.ParentRunner.run(ParentRunner.java:363)
	at junit.framework.JUnit4TestAdapter.run(JUnit4TestAdapter.java:38)
	at org.apache.tools.ant.taskdefs.optional.junit.JUnitTestRunner.run(JUnitTestRunner.java:535)
	at org.apache.tools.ant.taskdefs.optional.junit.JUnitTestRunner.launch(JUnitTestRunner.java:1182)
	at org.apache.tools.ant.taskdefs.optional.junit.JUnitTestRunner.main(JUnitTestRunner.java:1033)
Caused by: java.lang.NullPointerException
	at actions.passengerMenu.MyProfileSaveChagesAction.createPassangerObject(MyProfileSaveChagesAction.java:83)
	... 36 more
ene 17, 2017 11:54:36 AM org.hibernate.engine.jdbc.connections.internal.DriverManagerConnectionProviderImpl configure
WARN: HHH10001002: Using Hibernate built-in connection pool (not for production use!)
ene 17, 2017 11:54:36 AM org.hibernate.engine.jdbc.connections.internal.DriverManagerConnectionProviderImpl buildCreator
INFO: HHH10001005: using driver [org.postgresql.Driver] at URL [jdbc:postgresql://localhost:5432/heathrow_airport]
ene 17, 2017 11:54:36 AM org.hibernate.engine.jdbc.connections.internal.DriverManagerConnectionProviderImpl buildCreator
INFO: HHH10001001: Connection properties: {user=postgres, password=****}
ene 17, 2017 11:54:36 AM org.hibernate.engine.jdbc.connections.internal.DriverManagerConnectionProviderImpl buildCreator
INFO: HHH10001003: Autocommit mode: false
ene 17, 2017 11:54:36 AM org.hibernate.engine.jdbc.connections.internal.PooledConnections <init>
INFO: HHH000115: Hibernate connection pool size: 10 (min=1)
ene 17, 2017 11:54:36 AM org.hibernate.dialect.Dialect <init>
INFO: HHH000400: Using dialect: org.hibernate.dialect.PostgreSQLDialect
ene 17, 2017 11:54:36 AM org.hibernate.engine.jdbc.env.internal.LobCreatorBuilderImpl useContextualLobCreation
INFO: HHH000424: Disabling contextual LOB creation as createClob() method threw error : java.lang.reflect.InvocationTargetException
ene 17, 2017 11:54:36 AM org.hibernate.type.BasicTypeRegistry register
INFO: HHH000270: Type registration [java.util.UUID] overrides previous : org.hibernate.type.UUIDBinaryType@29a5f4e7
ene 17, 2017 11:54:36 AM org.hibernate.resource.transaction.backend.jdbc.internal.DdlTransactionIsolatorNonJtaImpl getIsolatedConnection
INFO: HHH10001501: Connection obtained from JdbcConnectionAccess [org.hibernate.engine.jdbc.env.internal.JdbcEnvironmentInitiator$ConnectionProviderJdbcConnectionAccess@22ad83cc] for (non-JTA) DDL execution was not in auto-commit mode; the Connection 'local transaction' will be committed and the Connection will be set into auto-commit mode.
ene 17, 2017 11:54:36 AM org.hibernate.procedure.internal.ProcedureCallImpl prepareForNamedParameters
WARN: HHH000456: Named parameters are used for a callable statement, but database metadata indicates named parameters are not supported.
ene 17, 2017 11:54:36 AM org.hibernate.engine.jdbc.spi.SqlExceptionHelper logExceptions
WARN: SQL Error: 0, SQLState: 2F005
ene 17, 2017 11:54:36 AM org.hibernate.engine.jdbc.spi.SqlExceptionHelper logExceptions
ERROR: ERROR: la ejecución alcanzó el fin de la función sin encontrar RETURN
  Where: función PL/pgSQL checktheemail(text)
javax.persistence.PersistenceException: org.hibernate.exception.GenericJDBCException: Error calling CallableStatement.getMoreResults
	at org.hibernate.internal.ExceptionConverterImpl.convert(ExceptionConverterImpl.java:147)
	at org.hibernate.internal.ExceptionConverterImpl.convert(ExceptionConverterImpl.java:155)
	at org.hibernate.procedure.internal.ProcedureCallImpl.execute(ProcedureCallImpl.java:653)
	at domain.dao.DAOPassanger.checkEmail(DAOPassanger.java:207)
	at actions.register.RegisterAction.execute(RegisterAction.java:78)
	at register.TestRegisterAction.checkIfTheRedirectionIsOk(TestRegisterAction.java:52)
	at sun.reflect.NativeMethodAccessorImpl.invoke0(Native Method)
	at sun.reflect.NativeMethodAccessorImpl.invoke(Unknown Source)
	at sun.reflect.DelegatingMethodAccessorImpl.invoke(Unknown Source)
	at java.lang.reflect.Method.invoke(Unknown Source)
	at org.junit.runners.model.FrameworkMethod$1.runReflectiveCall(FrameworkMethod.java:50)
	at org.junit.internal.runners.model.ReflectiveCallable.run(ReflectiveCallable.java:12)
	at org.junit.runners.model.FrameworkMethod.invokeExplosively(FrameworkMethod.java:47)
	at org.junit.internal.runners.statements.InvokeMethod.evaluate(InvokeMethod.java:17)
	at org.junit.internal.runners.statements.RunBefores.evaluate(RunBefores.java:26)
	at org.junit.internal.runners.statements.RunAfters.evaluate(RunAfters.java:27)
	at org.junit.runners.ParentRunner.runLeaf(ParentRunner.java:325)
	at org.junit.runners.BlockJUnit4ClassRunner.runChild(BlockJUnit4ClassRunner.java:78)
	at org.junit.runners.BlockJUnit4ClassRunner.runChild(BlockJUnit4ClassRunner.java:57)
	at org.junit.runners.ParentRunner$3.run(ParentRunner.java:290)
	at org.junit.runners.ParentRunner$1.schedule(ParentRunner.java:71)
	at org.junit.runners.ParentRunner.runChildren(ParentRunner.java:288)
	at org.junit.runners.ParentRunner.access$000(ParentRunner.java:58)
	at org.junit.runners.ParentRunner$2.evaluate(ParentRunner.java:268)
	at org.junit.runners.ParentRunner.run(ParentRunner.java:363)
	at org.junit.runners.Suite.runChild(Suite.java:128)
	at org.junit.runners.Suite.runChild(Suite.java:27)
	at org.junit.runners.ParentRunner$3.run(ParentRunner.java:290)
	at org.junit.runners.ParentRunner$1.schedule(ParentRunner.java:71)
	at org.junit.runners.ParentRunner.runChildren(ParentRunner.java:288)
	at org.junit.runners.ParentRunner.access$000(ParentRunner.java:58)
	at org.junit.runners.ParentRunner$2.evaluate(ParentRunner.java:268)
	at org.junit.runners.ParentRunner.run(ParentRunner.java:363)
	at junit.framework.JUnit4TestAdapter.run(JUnit4TestAdapter.java:38)
	at org.apache.tools.ant.taskdefs.optional.junit.JUnitTestRunner.run(JUnitTestRunner.java:535)
	at org.apache.tools.ant.taskdefs.optional.junit.JUnitTestRunner.launch(JUnitTestRunner.java:1182)
	at org.apache.tools.ant.taskdefs.optional.junit.JUnitTestRunner.main(JUnitTestRunner.java:1033)
Caused by: org.hibernate.exception.GenericJDBCException: Error calling CallableStatement.getMoreResults
	at org.hibernate.exception.internal.StandardSQLExceptionConverter.convert(StandardSQLExceptionConverter.java:47)
	at org.hibernate.engine.jdbc.spi.SqlExceptionHelper.convert(SqlExceptionHelper.java:111)
	at org.hibernate.result.internal.OutputsImpl.convert(OutputsImpl.java:78)
	at org.hibernate.result.internal.OutputsImpl.<init>(OutputsImpl.java:55)
	at org.hibernate.procedure.internal.ProcedureOutputsImpl.<init>(ProcedureOutputsImpl.java:32)
	at org.hibernate.procedure.internal.ProcedureCallImpl.buildOutputs(ProcedureCallImpl.java:453)
	at org.hibernate.procedure.internal.ProcedureCallImpl.getOutputs(ProcedureCallImpl.java:404)
	at org.hibernate.procedure.internal.ProcedureCallImpl.outputs(ProcedureCallImpl.java:663)
	at org.hibernate.procedure.internal.ProcedureCallImpl.execute(ProcedureCallImpl.java:646)
	... 34 more
Caused by: org.postgresql.util.PSQLException: ERROR: la ejecución alcanzó el fin de la función sin encontrar RETURN
  Where: función PL/pgSQL checktheemail(text)
	at org.postgresql.core.v3.QueryExecutorImpl.receiveErrorResponse(QueryExecutorImpl.java:2455)
	at org.postgresql.core.v3.QueryExecutorImpl.processResults(QueryExecutorImpl.java:2155)
	at org.postgresql.core.v3.QueryExecutorImpl.execute(QueryExecutorImpl.java:288)
	at org.postgresql.jdbc.PgStatement.executeInternal(PgStatement.java:430)
	at org.postgresql.jdbc.PgStatement.execute(PgStatement.java:356)
	at org.postgresql.jdbc.PgPreparedStatement.executeWithFlags(PgPreparedStatement.java:168)
	at org.postgresql.jdbc.PgCallableStatement.executeWithFlags(PgCallableStatement.java:78)
	at org.postgresql.jdbc.PgPreparedStatement.execute(PgPreparedStatement.java:157)
	at org.hibernate.result.internal.OutputsImpl.<init>(OutputsImpl.java:51)
	... 39 more
ene 17, 2017 11:54:36 AM org.hibernate.engine.jdbc.connections.internal.DriverManagerConnectionProviderImpl stop
INFO: HHH10001008: Cleaning up connection pool [jdbc:postgresql://localhost:5432/heathrow_airport]
]]></system-err>
</testsuite>
